2026-05-01 20:34:54.227 [info] Reading sessions from keychain...
2026-05-01 20:34:54.227 [info] Getting sessions for all scopes...
2026-05-01 20:34:54.227 [info] Got stored sessions!
2026-05-01 20:34:54.227 [info] Got 1 verified sessions.
2026-05-01 20:34:54.227 [info] Got 1 sessions for ...
2026-05-01 20:34:54.227 [info] Getting sessions for all scopes...
2026-05-01 20:34:54.227 [info] Got 1 sessions for ...
2026-05-01 20:34:54.227 [info] Getting sessions for all scopes...
2026-05-01 20:34:54.227 [info] Got 1 sessions for ...
2026-05-01 20:34:54.227 [info] Getting sessions for all scopes...
2026-05-01 20:34:54.227 [info] Got 1 sessions for ...
2026-05-01 20:34:54.918 [info] Getting sessions for all scopes...
2026-05-01 20:34:54.918 [info] Got 1 sessions for ...
2026-05-01 20:34:54.918 [info] Getting sessions for all scopes...
2026-05-01 20:34:54.918 [info] Got 1 sessions for ...
2026-05-01 20:34:54.918 [info] Getting sessions for all scopes...
2026-05-01 20:34:54.918 [info] Got 1 sessions for ...
2026-05-01 20:34:55.133 [info] Getting sessions for all scopes...
2026-05-01 20:34:55.133 [info] Got 1 sessions for ...
2026-05-01 20:34:55.355 [info] Getting sessions for read:user,repo,user:email,workflow...
2026-05-01 20:34:55.356 [info] Got 1 sessions for read:user,repo,user:email,workflow...
2026-05-01 20:34:55.570 [info] FetcherService: Node fetch failed with status: 429 Too Many Requests
2026-05-01 20:34:55.577 [info] Unable to resolve optional EDU details. Status: 429 Too Many Requests
2026-05-01 20:34:55.704 [info] Getting sessions for all scopes...
2026-05-01 20:34:55.704 [info] Got 1 sessions for ...
2026-05-01 20:34:55.871 [info] Getting sessions for read:user,repo,user:email,workflow...
2026-05-01 20:34:55.872 [info] Got 1 sessions for read:user,repo,user:email,workflow...
2026-05-01 20:34:55.872 [info] Getting sessions for read:user,repo,user:email,workflow...
2026-05-01 20:34:55.872 [info] Got 1 sessions for read:user,repo,user:email,workflow...
2026-05-01 20:34:56.367 [info] Getting sessions for all scopes...
2026-05-01 20:34:56.367 [info] Got 1 sessions for ...
2026-05-01 20:34:56.385 [info] Getting sessions for all scopes...
2026-05-01 20:34:56.385 [info] Got 1 sessions for ...
2026-05-01 20:34:56.385 [info] Getting sessions for all scopes...
2026-05-01 20:34:56.386 [info] Got 1 sessions for ...
2026-05-01 20:34:56.647 [info] Getting sessions for read:user,repo,user:email,workflow...
2026-05-01 20:34:56.647 [info] Got 1 sessions for read:user,repo,user:email,workflow...
2026-05-01 20:34:57.159 [info] Getting sessions for all scopes...
2026-05-01 20:34:57.159 [info] Got 1 sessions for ...
2026-05-01 20:34:57.161 [info] Getting sessions for all scopes...
2026-05-01 20:34:57.161 [info] Got 1 sessions for ...
2026-05-01 20:34:57.161 [info] Getting sessions for all scopes...
2026-05-01 20:34:57.161 [info] Got 1 sessions for ...
2026-05-01 20:34:57.199 [info] Getting sessions for all scopes...
2026-05-01 20:34:57.199 [info] Got 1 sessions for ...
2026-05-01 20:34:57.205 [info] Getting sessions for read:user,repo,user:email,workflow...
2026-05-01 20:34:57.205 [info] Got 1 sessions for read:user,repo,user:email,workflow...
2026-05-01 20:34:57.619 [info] Getting sessions for all scopes...
2026-05-01 20:34:57.619 [info] Got 1 sessions for ...
2026-05-01 20:34:58.295 [info] Getting sessions for read:user,repo,user:email,workflow...
2026-05-01 20:34:58.295 [info] Got 1 sessions for read:user,repo,user:email,workflow...
2026-05-01 20:34:58.601 [info] Getting sessions for all scopes...
2026-05-01 20:34:58.601 [info] Got 1 sessions for ...
2026-05-01 20:34:58.732 [info] Getting sessions for read:user,repo,user:email,workflow...
2026-05-01 20:34:58.732 [info] Got 1 sessions for read:user,repo,user:email,workflow...
2026-05-01 20:34:58.811 [info] Getting sessions for all scopes...
2026-05-01 20:34:58.811 [info] Got 1 sessions for ...
2026-05-01 20:34:58.815 [info] Getting sessions for read:user,repo,user:email,workflow...
2026-05-01 20:34:58.815 [info] Got 1 sessions for read:user,repo,user:email,workflow...
2026-05-01 20:34:58.844 [info] Getting sessions for all scopes...
2026-05-01 20:34:58.844 [info] Got 1 sessions for ...
2026-05-01 20:34:58.845 [info] Getting sessions for read:user,repo,user:email,workflow...
2026-05-01 20:34:58.845 [info] Got 1 sessions for read:user,repo,user:email,workflow...
2026-05-01 20:35:01.144 [info] Getting sessions for all scopes...
2026-05-01 20:35:01.144 [info] Got 1 sessions for ...
2026-05-01 20:35:01.146 [info] Getting sessions for all scopes...
2026-05-01 20:35:01.146 [info] Got 1 sessions for ...
2026-05-01 21:35:01.248 [info] Getting sessions for all scopes...
2026-05-01 21:35:01.250 [info] Got 1 sessions for ...
2026-05-01 21:35:01.250 [info] Getting sessions for all scopes...
2026-05-01 21:35:01.250 [info] Got 1 sessions for ...
2026-05-01 22:35:02.636 [info] Getting sessions for all scopes...
2026-05-01 22:35:02.636 [info] Got 1 sessions for ...
2026-05-01 22:35:02.636 [info] Getting sessions for all scopes...
2026-05-01 22:35:02.636 [info] Got 1 sessions for ...
2026-05-01 23:35:03.835 [info] Getting sessions for all scopes...
2026-05-01 23:35:03.835 [info] Got 1 sessions for ...
2026-05-01 23:35:03.835 [info] Getting sessions for all scopes...
2026-05-01 23:35:03.835 [info] Got 1 sessions for ...
2026-05-02 00:35:04.961 [info] Getting sessions for all scopes...
2026-05-02 00:35:04.961 [info] Got 1 sessions for ...
2026-05-02 00:35:04.962 [info] Getting sessions for all scopes...
2026-05-02 00:35:04.962 [info] Got 1 sessions for ...
2026-05-02 01:12:00.208 [info] Getting sessions for all scopes...
2026-05-02 01:12:00.208 [info] Got 1 sessions for ...
2026-05-02 01:12:00.210 [info] Getting sessions for read:user,repo,user:email,workflow...
2026-05-02 01:12:00.210 [info] Got 1 sessions for read:user,repo,user:email,workflow...
2026-05-02 01:12:00.210 [info] Getting sessions for all scopes...
2026-05-02 01:12:00.210 [info] Got 1 sessions for ...
2026-05-02 01:12:00.216 [info] Getting sessions for read:user,repo,user:email,workflow...
2026-05-02 01:12:00.216 [info] Got 1 sessions for read:user,repo,user:email,workflow...
2026-05-02 01:12:00.758 [info] Getting sessions for all scopes...
2026-05-02 01:12:00.758 [info] Got 1 sessions for ...
2026-05-02 01:12:00.758 [info] Getting sessions for all scopes...
2026-05-02 01:12:00.758 [info] Got 1 sessions for ...
2026-05-02 01:12:00.759 [info] Getting sessions for read:user,repo,user:email,workflow...
2026-05-02 01:12:00.759 [info] Got 1 sessions for read:user,repo,user:email,workflow...
2026-05-02 01:12:00.770 [info] Getting sessions for all scopes...
2026-05-02 01:12:00.770 [info] Got 1 sessions for ...
2026-05-02 01:12:00.770 [info] Getting sessions for read:user,repo,user:email,workflow...
2026-05-02 01:12:00.771 [info] Got 1 sessions for read:user,repo,user:email,workflow...
2026-05-02 01:12:01.268 [info] Getting sessions for all scopes...
2026-05-02 01:12:01.268 [info] Got 1 sessions for ...
2026-05-02 01:12:01.269 [info] Getting sessions for read:user,repo,user:email,workflow...
2026-05-02 01:12:01.269 [info] Got 1 sessions for read:user,repo,user:email,workflow...
2026-05-02 01:35:06.164 [info] Getting sessions for all scopes...
2026-05-02 01:35:06.164 [info] Got 1 sessions for ...
2026-05-02 01:35:06.164 [info] Getting sessions for all scopes...
2026-05-02 01:35:06.165 [info] Got 1 sessions for ...
2026-05-02 02:35:07.224 [info] Getting sessions for all scopes...
2026-05-02 02:35:07.224 [info] Got 1 sessions for ...
2026-05-02 02:35:07.225 [info] Getting sessions for all scopes...
2026-05-02 02:35:07.225 [info] Got 1 sessions for ...
2026-05-02 03:35:08.434 [info] Getting sessions for all scopes...
2026-05-02 03:35:08.434 [info] Got 1 sessions for ...
2026-05-02 03:35:08.435 [info] Getting sessions for all scopes...
2026-05-02 03:35:08.435 [info] Got 1 sessions for ...
2026-05-02 04:35:09.589 [info] Getting sessions for all scopes...
2026-05-02 04:35:09.590 [info] Got 1 sessions for ...
2026-05-02 04:35:09.591 [info] Getting sessions for all scopes...
2026-05-02 04:35:09.591 [info] Got 1 sessions for ...
2026-05-02 05:35:10.685 [info] Getting sessions for all scopes...
2026-05-02 05:35:10.686 [info] Got 1 sessions for ...
2026-05-02 05:35:10.686 [info] Getting sessions for all scopes...
2026-05-02 05:35:10.686 [info] Got 1 sessions for ...
2026-05-02 06:35:11.798 [info] Getting sessions for all scopes...
2026-05-02 06:35:11.798 [info] Got 1 sessions for ...
2026-05-02 06:35:11.798 [info] Getting sessions for all scopes...
2026-05-02 06:35:11.799 [info] Got 1 sessions for ...
2026-05-03 03:16:55.534 [info] Getting sessions for all scopes...
2026-05-03 03:16:55.534 [info] Got 1 sessions for ...
2026-05-03 03:16:55.535 [info] Getting sessions for all scopes...
2026-05-03 03:16:55.535 [info] Got 1 sessions for ...
2026-05-03 03:17:32.559 [info] Getting sessions for all scopes...
2026-05-03 03:17:32.559 [info] Got 1 sessions for ...
2026-05-03 03:17:32.559 [info] Getting sessions for all scopes...
2026-05-03 03:17:32.559 [info] Got 1 sessions for ...
2026-05-03 03:17:32.560 [info] Getting sessions for read:user,repo,user:email,workflow...
2026-05-03 03:17:32.560 [info] Got 1 sessions for read:user,repo,user:email,workflow...
2026-05-03 03:17:33.065 [info] Getting sessions for all scopes...
2026-05-03 03:17:33.065 [info] Got 1 sessions for ...
2026-05-03 03:17:33.065 [info] Getting sessions for all scopes...
2026-05-03 03:17:33.065 [info] Got 1 sessions for ...
2026-05-03 03:17:33.068 [info] Getting sessions for read:user,repo,user:email,workflow...
2026-05-03 03:17:33.068 [info] Got 1 sessions for read:user,repo,user:email,workflow...
2026-05-03 03:17:33.078 [info] Getting sessions for all scopes...
2026-05-03 03:17:33.078 [info] Got 1 sessions for ...
2026-05-03 03:17:33.079 [info] Getting sessions for read:user,repo,user:email,workflow...
2026-05-03 03:17:33.079 [info] Got 1 sessions for read:user,repo,user:email,workflow...
2026-05-03 03:17:33.576 [info] Getting sessions for all scopes...
2026-05-03 03:17:33.576 [info] Got 1 sessions for ...
2026-05-03 03:17:33.576 [info] Getting sessions for read:user,repo,user:email,workflow...
2026-05-03 03:17:33.576 [info] Got 1 sessions for read:user,repo,user:email,workflow...
2026-05-03 03:18:27.749 [info] Getting sessions for all scopes...
2026-05-03 03:18:27.749 [info] Got 1 sessions for ...
2026-05-03 03:18:27.756 [info] Getting sessions for read:user,repo,user:email,workflow...
2026-05-03 03:18:27.756 [info] Got 1 sessions for read:user,repo,user:email,workflow...
2026-05-03 03:18:29.241 [info] Getting sessions for all scopes...
2026-05-03 03:18:29.242 [info] Got 1 sessions for ...
2026-05-03 03:18:29.243 [info] Getting sessions for read:user,repo,user:email,workflow...
2026-05-03 03:18:29.243 [info] Got 1 sessions for read:user,repo,user:email,workflow...
2026-05-03 03:18:29.439 [info] Getting sessions for all scopes...
2026-05-03 03:18:29.439 [info] Got 1 sessions for ...
2026-05-03 03:18:29.440 [info] Getting sessions for read:user,repo,user:email,workflow...
2026-05-03 03:18:29.440 [info] Got 1 sessions for read:user,repo,user:email,workflow...
2026-05-03 04:16:56.583 [info] Getting sessions for all scopes...
2026-05-03 04:16:56.584 [info] Got 1 sessions for ...
2026-05-03 04:16:56.584 [info] Getting sessions for all scopes...
2026-05-03 04:16:56.584 [info] Got 1 sessions for ...
2026-05-03 04:25:12.165 [info] Getting sessions for all scopes...
2026-05-03 04:25:12.166 [info] Got 1 sessions for ...
2026-05-03 04:25:12.166 [info] Getting sessions for all scopes...
2026-05-03 04:25:12.166 [info] Got 1 sessions for ...
2026-05-03 04:25:12.167 [info] Getting sessions for read:user,repo,user:email,workflow...
2026-05-03 04:25:12.167 [info] Got 1 sessions for read:user,repo,user:email,workflow...
2026-05-03 04:25:12.617 [info] Getting sessions for all scopes...
2026-05-03 04:25:12.617 [info] Got 1 sessions for ...
2026-05-03 04:25:12.617 [info] Getting sessions for all scopes...
2026-05-03 04:25:12.617 [info] Got 1 sessions for ...
2026-05-03 04:25:12.618 [info] Getting sessions for read:user,repo,user:email,workflow...
2026-05-03 04:25:12.618 [info] Got 1 sessions for read:user,repo,user:email,workflow...
2026-05-03 04:25:12.628 [info] Getting sessions for all scopes...
2026-05-03 04:25:12.628 [info] Got 1 sessions for ...
2026-05-03 04:25:12.629 [info] Getting sessions for read:user,repo,user:email,workflow...
2026-05-03 04:25:12.629 [info] Got 1 sessions for read:user,repo,user:email,workflow...
2026-05-03 04:25:13.126 [info] Getting sessions for all scopes...
2026-05-03 04:25:13.126 [info] Got 1 sessions for ...
2026-05-03 04:25:13.126 [info] Getting sessions for read:user,repo,user:email,workflow...
2026-05-03 04:25:13.126 [info] Got 1 sessions for read:user,repo,user:email,workflow...
2026-05-03 04:26:50.416 [info] Getting sessions for all scopes...
2026-05-03 04:26:50.417 [info] Got 1 sessions for ...
2026-05-03 04:26:50.418 [info] Getting sessions for read:user,repo,user:email,workflow...
2026-05-03 04:26:50.418 [info] Got 1 sessions for read:user,repo,user:email,workflow...
2026-05-03 04:35:12.138 [info] Getting sessions for all scopes...
2026-05-03 04:35:12.138 [info] Got 1 sessions for ...
2026-05-03 04:35:12.139 [info] Getting sessions for read:user,repo,user:email,workflow...
2026-05-03 04:35:12.139 [info] Got 1 sessions for read:user,repo,user:email,workflow...
2026-05-03 05:16:57.749 [info] Getting sessions for all scopes...
2026-05-03 05:16:57.750 [info] Got 1 sessions for ...
2026-05-03 05:16:57.750 [info] Getting sessions for all scopes...
2026-05-03 05:16:57.750 [info] Got 1 sessions for ...
2026-05-03 05:18:59.396 [info] Getting sessions for all scopes...
2026-05-03 05:18:59.401 [info] Got 1 sessions for ...
2026-05-03 05:18:59.405 [info] Getting sessions for read:user,repo,user:email,workflow...
2026-05-03 05:18:59.405 [info] Got 1 sessions for read:user,repo,user:email,workflow...
2026-05-03 06:16:58.935 [info] Getting sessions for all scopes...
2026-05-03 06:16:58.935 [info] Got 1 sessions for ...
2026-05-03 06:16:58.935 [info] Getting sessions for all scopes...
2026-05-03 06:16:58.936 [info] Got 1 sessions for ...
2026-05-03 07:17:00.028 [info] Getting sessions for all scopes...
2026-05-03 07:17:00.028 [info] Got 1 sessions for ...
2026-05-03 07:17:00.029 [info] Getting sessions for all scopes...
2026-05-03 07:17:00.029 [info] Got 1 sessions for ...
2026-05-03 07:53:18.286 [info] Getting sessions for all scopes...
2026-05-03 07:53:18.286 [info] Got 1 sessions for ...
2026-05-03 07:53:18.286 [info] Getting sessions for all scopes...
2026-05-03 07:53:18.286 [info] Got 1 sessions for ...
2026-05-03 07:53:18.290 [info] Getting sessions for read:user,repo,user:email,workflow...
2026-05-03 07:53:18.290 [info] Got 1 sessions for read:user,repo,user:email,workflow...
2026-05-03 07:53:18.851 [info] Getting sessions for all scopes...
2026-05-03 07:53:18.851 [info] Got 1 sessions for ...
2026-05-03 07:53:18.851 [info] Getting sessions for all scopes...
2026-05-03 07:53:18.851 [info] Got 1 sessions for ...
2026-05-03 07:53:18.853 [info] Getting sessions for read:user,repo,user:email,workflow...
2026-05-03 07:53:18.853 [info] Got 1 sessions for read:user,repo,user:email,workflow...
2026-05-03 07:53:18.862 [info] Getting sessions for all scopes...
2026-05-03 07:53:18.862 [info] Got 1 sessions for ...
2026-05-03 07:53:18.863 [info] Getting sessions for read:user,repo,user:email,workflow...
2026-05-03 07:53:18.863 [info] Got 1 sessions for read:user,repo,user:email,workflow...
2026-05-03 07:53:19.360 [info] Getting sessions for all scopes...
2026-05-03 07:53:19.361 [info] Got 1 sessions for ...
2026-05-03 07:53:19.361 [info] Getting sessions for read:user,repo,user:email,workflow...
2026-05-03 07:53:19.361 [info] Got 1 sessions for read:user,repo,user:email,workflow...
2026-05-03 07:53:52.991 [info] Getting sessions for all scopes...
2026-05-03 07:53:52.991 [info] Got 1 sessions for ...
2026-05-03 07:53:53.070 [info] Getting sessions for read:user,repo,user:email,workflow...
2026-05-03 07:53:53.070 [info] Got 1 sessions for read:user,repo,user:email,workflow...
2026-05-03 08:04:56.212 [info] Getting sessions for all scopes...
2026-05-03 08:04:56.212 [info] Got 1 sessions for ...
2026-05-03 08:04:56.213 [info] Getting sessions for read:user,repo,user:email,workflow...
2026-05-03 08:04:56.213 [info] Got 1 sessions for read:user,repo,user:email,workflow...
2026-05-03 08:14:56.214 [info] Getting sessions for all scopes...
2026-05-03 08:14:56.214 [info] Got 1 sessions for ...
2026-05-03 08:14:56.215 [info] Getting sessions for read:user,repo,user:email,workflow...
2026-05-03 08:14:56.215 [info] Got 1 sessions for read:user,repo,user:email,workflow...
2026-05-03 08:14:57.559 [info] Getting sessions for all scopes...
2026-05-03 08:14:57.559 [info] Got 1 sessions for ...
2026-05-03 08:14:57.559 [info] Getting sessions for read:user,repo,user:email,workflow...
2026-05-03 08:14:57.560 [info] Got 1 sessions for read:user,repo,user:email,workflow...
2026-05-03 08:14:57.995 [info] Getting sessions for all scopes...
2026-05-03 08:14:57.995 [info] Got 1 sessions for ...
2026-05-03 08:14:57.995 [info] Getting sessions for all scopes...
2026-05-03 08:14:57.995 [info] Got 1 sessions for ...
2026-05-03 08:14:57.997 [info] Getting sessions for read:user,repo,user:email,workflow...
2026-05-03 08:14:57.997 [info] Got 1 sessions for read:user,repo,user:email,workflow...
2026-05-03 08:14:58.006 [info] Getting sessions for all scopes...
2026-05-03 08:14:58.006 [info] Got 1 sessions for ...
2026-05-03 08:14:58.007 [info] Getting sessions for read:user,repo,user:email,workflow...
2026-05-03 08:14:58.007 [info] Got 1 sessions for read:user,repo,user:email,workflow...
2026-05-03 08:14:58.509 [info] Getting sessions for all scopes...
2026-05-03 08:14:58.509 [info] Got 1 sessions for ...
2026-05-03 08:14:58.510 [info] Getting sessions for read:user,repo,user:email,workflow...
2026-05-03 08:14:58.510 [info] Got 1 sessions for read:user,repo,user:email,workflow...
2026-05-03 08:17:01.289 [info] Getting sessions for all scopes...
2026-05-03 08:17:01.290 [info] Got 1 sessions for ...
2026-05-03 08:17:01.290 [info] Getting sessions for all scopes...
2026-05-03 08:17:01.290 [info] Got 1 sessions for ...
