2026-05-01 20:20:51.482 [info] Reading sessions from keychain...
2026-05-01 20:20:51.482 [info] Getting sessions for all scopes...
2026-05-01 20:20:51.482 [info] Got stored sessions!
2026-05-01 20:20:51.482 [info] Got 1 verified sessions.
2026-05-01 20:20:51.482 [info] Got 1 sessions for ...
2026-05-01 20:20:51.482 [info] Getting sessions for all scopes...
2026-05-01 20:20:51.482 [info] Got 1 sessions for ...
2026-05-01 20:20:51.482 [info] Getting sessions for all scopes...
2026-05-01 20:20:51.482 [info] Got 1 sessions for ...
2026-05-01 20:20:51.482 [info] Getting sessions for all scopes...
2026-05-01 20:20:51.482 [info] Got 1 sessions for ...
2026-05-01 20:20:51.482 [info] Getting sessions for all scopes...
2026-05-01 20:20:51.482 [info] Got 1 sessions for ...
2026-05-01 20:20:51.482 [info] Getting sessions for all scopes...
2026-05-01 20:20:51.482 [info] Got 1 sessions for ...
2026-05-01 20:20:51.482 [info] Getting sessions for all scopes...
2026-05-01 20:20:51.482 [info] Got 1 sessions for ...
2026-05-01 20:20:51.482 [info] Getting sessions for all scopes...
2026-05-01 20:20:51.482 [info] Got 1 sessions for ...
2026-05-01 20:20:51.482 [info] Getting sessions for read:user,repo,user:email,workflow...
2026-05-01 20:20:51.482 [info] Got 1 sessions for read:user,repo,user:email,workflow...
2026-05-01 20:20:51.596 [info] Getting sessions for all scopes...
2026-05-01 20:20:51.596 [info] Got 1 sessions for ...
2026-05-01 20:20:51.709 [info] Getting sessions for read:user,repo,user:email,workflow...
2026-05-01 20:20:51.709 [info] Got 1 sessions for read:user,repo,user:email,workflow...
2026-05-01 20:20:51.928 [info] Getting sessions for all scopes...
2026-05-01 20:20:51.928 [info] Got 1 sessions for ...
2026-05-01 20:20:52.027 [info] Getting sessions for read:user,repo,user:email,workflow...
2026-05-01 20:20:52.027 [info] Got 1 sessions for read:user,repo,user:email,workflow...
2026-05-01 20:20:52.030 [info] Getting sessions for read:user,repo,user:email,workflow...
2026-05-01 20:20:52.030 [info] Got 1 sessions for read:user,repo,user:email,workflow...
2026-05-01 20:20:52.302 [info] FetcherService: Node fetch failed with status: 429 Too Many Requests
2026-05-01 20:20:52.309 [info] Unable to resolve optional EDU details. Status: 429 Too Many Requests
2026-05-01 20:20:52.382 [info] Getting sessions for all scopes...
2026-05-01 20:20:52.382 [info] Got 1 sessions for ...
2026-05-01 20:20:52.382 [info] Getting sessions for all scopes...
2026-05-01 20:20:52.383 [info] Got 1 sessions for ...
2026-05-01 20:20:52.552 [info] Getting sessions for read:user,repo,user:email,workflow...
2026-05-01 20:20:52.552 [info] Got 1 sessions for read:user,repo,user:email,workflow...
2026-05-01 20:20:53.054 [info] Getting sessions for all scopes...
2026-05-01 20:20:53.054 [info] Got 1 sessions for ...
2026-05-01 20:20:53.081 [info] Getting sessions for all scopes...
2026-05-01 20:20:53.081 [info] Got 1 sessions for ...
2026-05-01 20:20:53.081 [info] Getting sessions for all scopes...
2026-05-01 20:20:53.081 [info] Got 1 sessions for ...
2026-05-01 20:20:53.103 [info] Getting sessions for all scopes...
2026-05-01 20:20:53.103 [info] Got 1 sessions for ...
2026-05-01 20:20:53.158 [info] Getting sessions for read:user,repo,user:email,workflow...
2026-05-01 20:20:53.158 [info] Got 1 sessions for read:user,repo,user:email,workflow...
2026-05-01 20:20:53.223 [info] Getting sessions for all scopes...
2026-05-01 20:20:53.223 [info] Got 1 sessions for ...
2026-05-01 20:20:53.314 [info] Getting sessions for read:user,repo,user:email,workflow...
2026-05-01 20:20:53.315 [info] Got 1 sessions for read:user,repo,user:email,workflow...
2026-05-01 20:20:53.434 [info] Getting sessions for all scopes...
2026-05-01 20:20:53.434 [info] Got 1 sessions for ...
2026-05-01 20:20:53.630 [info] Getting sessions for read:user,repo,user:email,workflow...
2026-05-01 20:20:53.631 [info] Got 1 sessions for read:user,repo,user:email,workflow...
2026-05-01 20:20:53.866 [info] Getting sessions for all scopes...
2026-05-01 20:20:53.866 [info] Got 1 sessions for ...
2026-05-01 20:20:53.896 [info] Getting sessions for read:user,repo,user:email,workflow...
2026-05-01 20:20:53.896 [info] Got 1 sessions for read:user,repo,user:email,workflow...
2026-05-01 20:20:53.925 [info] Getting sessions for all scopes...
2026-05-01 20:20:53.925 [info] Got 1 sessions for ...
2026-05-01 20:20:54.122 [info] Getting sessions for read:user,repo,user:email,workflow...
2026-05-01 20:20:54.122 [info] Got 1 sessions for read:user,repo,user:email,workflow...
2026-05-01 20:20:54.198 [info] Getting sessions for all scopes...
2026-05-01 20:20:54.198 [info] Got 1 sessions for ...
2026-05-01 20:20:54.203 [info] Getting sessions for read:user,repo,user:email,workflow...
2026-05-01 20:20:54.204 [info] Got 1 sessions for read:user,repo,user:email,workflow...
2026-05-01 20:20:55.519 [info] Getting sessions for all scopes...
2026-05-01 20:20:55.519 [info] Got 1 sessions for ...
2026-05-01 20:20:55.578 [info] Getting sessions for read:user,repo,user:email,workflow...
2026-05-01 20:20:55.578 [info] Got 1 sessions for read:user,repo,user:email,workflow...
2026-05-01 20:22:57.068 [info] Getting sessions for all scopes...
2026-05-01 20:22:57.069 [info] Got 1 sessions for ...
2026-05-01 20:22:57.070 [info] Getting sessions for read:user,repo,user:email,workflow...
2026-05-01 20:22:57.070 [info] Got 1 sessions for read:user,repo,user:email,workflow...
2026-05-01 20:23:18.359 [info] Reading sessions from keychain...
2026-05-01 20:23:18.359 [info] Getting sessions for all scopes...
2026-05-01 20:23:18.359 [info] Got stored sessions!
2026-05-01 20:23:18.359 [info] Got 1 verified sessions.
2026-05-01 20:23:18.359 [info] Got 1 sessions for ...
2026-05-01 20:23:18.359 [info] Getting sessions for all scopes...
2026-05-01 20:23:18.359 [info] Got 1 sessions for ...
2026-05-01 20:23:18.359 [info] Getting sessions for all scopes...
2026-05-01 20:23:18.359 [info] Got 1 sessions for ...
2026-05-01 20:23:18.359 [info] Getting sessions for all scopes...
2026-05-01 20:23:18.359 [info] Got 1 sessions for ...
2026-05-01 20:23:18.359 [info] Getting sessions for all scopes...
2026-05-01 20:23:18.359 [info] Got 1 sessions for ...
2026-05-01 20:23:18.359 [info] Getting sessions for all scopes...
2026-05-01 20:23:18.359 [info] Got 1 sessions for ...
2026-05-01 20:23:18.359 [info] Getting sessions for all scopes...
2026-05-01 20:23:18.359 [info] Got 1 sessions for ...
2026-05-01 20:23:18.508 [info] Getting sessions for read:user,repo,user:email,workflow...
2026-05-01 20:23:18.508 [info] Got 1 sessions for read:user,repo,user:email,workflow...
2026-05-01 20:23:18.642 [info] Getting sessions for all scopes...
2026-05-01 20:23:18.642 [info] Got 1 sessions for ...
2026-05-01 20:23:18.740 [info] Getting sessions for all scopes...
2026-05-01 20:23:18.740 [info] Got 1 sessions for ...
2026-05-01 20:23:18.755 [info] Getting sessions for read:user,repo,user:email,workflow...
2026-05-01 20:23:18.755 [info] Got 1 sessions for read:user,repo,user:email,workflow...
2026-05-01 20:23:18.825 [info] Getting sessions for all scopes...
2026-05-01 20:23:18.825 [info] Got 1 sessions for ...
2026-05-01 20:23:19.005 [info] Getting sessions for read:user,repo,user:email,workflow...
2026-05-01 20:23:19.005 [info] Got 1 sessions for read:user,repo,user:email,workflow...
2026-05-01 20:23:19.484 [info] FetcherService: Node fetch failed with status: 429 Too Many Requests
2026-05-01 20:23:19.490 [info] Unable to resolve optional EDU details. Status: 429 Too Many Requests
2026-05-01 20:23:19.543 [info] Getting sessions for all scopes...
2026-05-01 20:23:19.543 [info] Got 1 sessions for ...
2026-05-01 20:23:19.543 [info] Getting sessions for all scopes...
2026-05-01 20:23:19.543 [info] Got 1 sessions for ...
2026-05-01 20:23:19.808 [info] Getting sessions for read:user,repo,user:email,workflow...
2026-05-01 20:23:19.808 [info] Got 1 sessions for read:user,repo,user:email,workflow...
2026-05-01 20:23:20.148 [info] Getting sessions for all scopes...
2026-05-01 20:23:20.148 [info] Got 1 sessions for ...
2026-05-01 20:23:20.148 [info] Getting sessions for all scopes...
2026-05-01 20:23:20.148 [info] Got 1 sessions for ...
2026-05-01 20:23:20.151 [info] Getting sessions for all scopes...
2026-05-01 20:23:20.151 [info] Got 1 sessions for ...
2026-05-01 20:23:20.198 [info] Getting sessions for all scopes...
2026-05-01 20:23:20.198 [info] Got 1 sessions for ...
2026-05-01 20:23:20.308 [info] Getting sessions for read:user,repo,user:email,workflow...
2026-05-01 20:23:20.308 [info] Got 1 sessions for read:user,repo,user:email,workflow...
2026-05-01 20:23:20.583 [info] Getting sessions for all scopes...
2026-05-01 20:23:20.583 [info] Got 1 sessions for ...
2026-05-01 20:23:20.746 [info] Getting sessions for all scopes...
2026-05-01 20:23:20.746 [info] Got 1 sessions for ...
2026-05-01 20:23:20.747 [info] Getting sessions for read:user,repo,user:email,workflow...
2026-05-01 20:23:20.747 [info] Got 1 sessions for read:user,repo,user:email,workflow...
2026-05-01 20:23:20.762 [info] Getting sessions for all scopes...
2026-05-01 20:23:20.762 [info] Got 1 sessions for ...
2026-05-01 20:23:20.763 [info] Getting sessions for read:user,repo,user:email,workflow...
2026-05-01 20:23:20.763 [info] Got 1 sessions for read:user,repo,user:email,workflow...
2026-05-01 20:23:20.829 [info] Getting sessions for all scopes...
2026-05-01 20:23:20.829 [info] Got 1 sessions for ...
2026-05-01 20:23:20.830 [info] Getting sessions for read:user,repo,user:email,workflow...
2026-05-01 20:23:20.830 [info] Got 1 sessions for read:user,repo,user:email,workflow...
2026-05-01 20:23:20.934 [info] Getting sessions for all scopes...
2026-05-01 20:23:20.934 [info] Got 1 sessions for ...
2026-05-01 20:23:20.936 [info] Getting sessions for read:user,repo,user:email,workflow...
2026-05-01 20:23:20.936 [info] Got 1 sessions for read:user,repo,user:email,workflow...
2026-05-01 20:23:20.939 [info] Getting sessions for all scopes...
2026-05-01 20:23:20.939 [info] Got 1 sessions for ...
2026-05-01 20:23:20.940 [info] Getting sessions for read:user,repo,user:email,workflow...
2026-05-01 20:23:20.940 [info] Got 1 sessions for read:user,repo,user:email,workflow...
2026-05-01 20:23:31.211 [info] Getting sessions for read:user,repo,user:email,workflow...
2026-05-01 20:23:31.211 [info] Got 1 sessions for read:user,repo,user:email,workflow...
2026-05-01 20:23:31.501 [info] Getting sessions for all scopes...
2026-05-01 20:23:31.501 [info] Got 1 sessions for ...
2026-05-01 20:23:31.505 [info] Getting sessions for read:user,repo,user:email,workflow...
2026-05-01 20:23:31.505 [info] Got 1 sessions for read:user,repo,user:email,workflow...
2026-05-01 20:24:14.099 [info] Getting sessions for all scopes...
2026-05-01 20:24:14.099 [info] Got 1 sessions for ...
2026-05-01 20:24:14.100 [info] Getting sessions for all scopes...
2026-05-01 20:24:14.100 [info] Got 1 sessions for ...
2026-05-01 20:24:14.514 [info] Getting sessions for all scopes...
2026-05-01 20:24:14.514 [info] Got 1 sessions for ...
2026-05-01 20:24:14.515 [info] Getting sessions for read:user,repo,user:email,workflow...
2026-05-01 20:24:14.515 [info] Got 1 sessions for read:user,repo,user:email,workflow...
