2026-05-01 20:34:55.522 [info] [aebc6443-996d-45c2-90f0-388ff96faa56] Native Broker enabled: false
2026-05-01 20:34:55.594 [info] [getSessions] [all] starting
2026-05-01 20:34:55.594 [info] [getSessions] [all] returned 0 session(s)
2026-05-01 20:34:55.594 [info] [getSessions] [all] starting
2026-05-01 20:34:55.594 [info] [getSessions] [all] returned 0 session(s)
2026-05-01 20:34:55.594 [info] [getSessions] [all] starting
2026-05-01 20:34:55.594 [info] [getSessions] [all] returned 0 session(s)
2026-05-01 20:34:55.636 [info] [getSessions] [499b84ac-1321-427f-aa17-267ca6975798/.default offline_access] starting
2026-05-01 20:34:55.637 [info] [aebc6443-996d-45c2-90f0-388ff96faa56] Native Broker enabled: false
2026-05-01 20:34:55.846 [info] [getSessions] [499b84ac-1321-427f-aa17-267ca6975798/.default offline_access] returned 0 session(s)
2026-05-01 20:34:56.367 [info] [getSessions] [all] starting
2026-05-01 20:34:56.367 [info] [getSessions] [all] returned 0 session(s)
2026-05-01 20:34:56.386 [info] [getSessions] [499b84ac-1321-427f-aa17-267ca6975798/.default offline_access] starting
2026-05-01 20:34:56.386 [info] [getSessions] [499b84ac-1321-427f-aa17-267ca6975798/.default offline_access] returned 0 session(s)
2026-05-02 01:12:00.758 [info] [getSessions] [499b84ac-1321-427f-aa17-267ca6975798/.default offline_access] starting
2026-05-02 01:12:00.759 [info] [getSessions] [499b84ac-1321-427f-aa17-267ca6975798/.default offline_access] returned 0 session(s)
2026-05-03 03:17:33.065 [info] [getSessions] [499b84ac-1321-427f-aa17-267ca6975798/.default offline_access] starting
2026-05-03 03:17:33.067 [info] [getSessions] [499b84ac-1321-427f-aa17-267ca6975798/.default offline_access] returned 0 session(s)
2026-05-03 04:25:12.617 [info] [getSessions] [499b84ac-1321-427f-aa17-267ca6975798/.default offline_access] starting
2026-05-03 04:25:12.618 [info] [getSessions] [499b84ac-1321-427f-aa17-267ca6975798/.default offline_access] returned 0 session(s)
2026-05-03 07:53:18.852 [info] [getSessions] [499b84ac-1321-427f-aa17-267ca6975798/.default offline_access] starting
2026-05-03 07:53:18.852 [info] [getSessions] [499b84ac-1321-427f-aa17-267ca6975798/.default offline_access] returned 0 session(s)
2026-05-03 08:14:57.996 [info] [getSessions] [499b84ac-1321-427f-aa17-267ca6975798/.default offline_access] starting
2026-05-03 08:14:57.996 [info] [getSessions] [499b84ac-1321-427f-aa17-267ca6975798/.default offline_access] returned 0 session(s)
