2026-05-01 20:32:30.379 [info] Starting server arc_prime
2026-05-01 20:32:30.381 [info] Connection state: Starting
2026-05-01 20:32:30.636 [info] Starting server from LocalProcess extension host
2026-05-01 20:32:30.642 [info] Connection state: Starting
2026-05-01 20:32:30.642 [info] Connection state: Running
2026-05-01 20:32:35.697 [info] Waiting for server to respond to `initialize` request...
2026-05-01 20:32:40.698 [info] Waiting for server to respond to `initialize` request...
2026-05-01 20:32:43.451 [warning] [server stderr] /p/hdk/pu_tu/prd/autobots_sdk/2.3.1/venv_autobots/lib/python3.13/site-packages/google/genai/types.py:9952: PydanticDeprecatedSince212: Using `@model_validator` with mode='after' on a classmethod is deprecated. Instead, use an instance method. See the documentation at https://docs.pydantic.dev/2.12/concepts/validators/#model-after-validator. Deprecated in Pydantic V2.12 to be removed in V3.0.
2026-05-01 20:32:43.451 [warning] [server stderr]   @model_validator(mode='after')  # type: ignore[arg-type]
2026-05-01 20:32:45.697 [info] Waiting for server to respond to `initialize` request...
2026-05-01 20:32:47.739 [warning] [server stderr] /p/hdk/pu_tu/prd/autobots_sdk/2.3.1/venv_autobots/lib/python3.13/site-packages/google/cloud/aiplatform/models.py:52: FutureWarning: Support for google-cloud-storage < 3.0.0 will be removed in a future version of google-cloud-aiplatform. Please upgrade to google-cloud-storage >= 3.0.0.
2026-05-01 20:32:47.739 [warning] [server stderr]   from google.cloud.aiplatform.utils import gcs_utils
2026-05-01 20:32:50.643 [info] Waiting for server to respond to `initialize` request...
2026-05-01 20:32:55.643 [info] Waiting for server to respond to `initialize` request...
2026-05-01 20:33:00.643 [info] Waiting for server to respond to `initialize` request...
2026-05-01 20:33:04.426 [warning] [server stderr] /p/hdk/pu_tu/prd/autobots_sdk/2.3.1/autobots_sdk/base/adk/agents/base_agent.py:484: DeprecationWarning: MCPToolset class is deprecated, use `McpToolset` instead.
2026-05-01 20:33:04.427 [warning] [server stderr]   tools = MCPToolset(
2026-05-01 20:33:05.643 [info] Waiting for server to respond to `initialize` request...
2026-05-01 20:33:08.495 [info] Discovered 13 tools
2026-05-01 20:34:17.670 [warning] Extension host shut down, server will stop.
2026-05-01 20:34:17.672 [info] Connection state: Stopped
