2026-05-01 20:27:43.303 [info] Reading sessions from keychain...
2026-05-01 20:27:43.303 [info] Getting sessions for all scopes...
2026-05-01 20:27:43.303 [info] Got stored sessions!
2026-05-01 20:27:43.303 [info] Got 1 verified sessions.
2026-05-01 20:27:43.303 [info] Got 1 sessions for ...
2026-05-01 20:27:43.303 [info] Getting sessions for all scopes...
2026-05-01 20:27:43.303 [info] Got 1 sessions for ...
2026-05-01 20:27:43.303 [info] Getting sessions for all scopes...
2026-05-01 20:27:43.303 [info] Got 1 sessions for ...
2026-05-01 20:27:43.303 [info] Getting sessions for all scopes...
2026-05-01 20:27:43.303 [info] Got 1 sessions for ...
2026-05-01 20:27:43.303 [info] Getting sessions for all scopes...
2026-05-01 20:27:43.303 [info] Got 1 sessions for ...
2026-05-01 20:27:43.303 [info] Getting sessions for all scopes...
2026-05-01 20:27:43.303 [info] Got 1 sessions for ...
2026-05-01 20:27:43.303 [info] Getting sessions for all scopes...
2026-05-01 20:27:43.303 [info] Got 1 sessions for ...
2026-05-01 20:27:43.303 [info] Getting sessions for all scopes...
2026-05-01 20:27:43.303 [info] Got 1 sessions for ...
2026-05-01 20:27:43.303 [info] Getting sessions for read:user,repo,user:email,workflow...
2026-05-01 20:27:43.303 [info] Got 1 sessions for read:user,repo,user:email,workflow...
2026-05-01 20:27:43.435 [info] Getting sessions for all scopes...
2026-05-01 20:27:43.435 [info] Got 1 sessions for ...
2026-05-01 20:27:43.606 [info] Getting sessions for read:user,repo,user:email,workflow...
2026-05-01 20:27:43.606 [info] Got 1 sessions for read:user,repo,user:email,workflow...
2026-05-01 20:27:43.877 [info] FetcherService: Node fetch failed with status: 429 Too Many Requests
2026-05-01 20:27:43.885 [info] Unable to resolve optional EDU details. Status: 429 Too Many Requests
2026-05-01 20:27:43.940 [info] Getting sessions for all scopes...
2026-05-01 20:27:43.940 [info] Got 1 sessions for ...
2026-05-01 20:27:43.990 [info] Getting sessions for read:user,repo,user:email,workflow...
2026-05-01 20:27:43.990 [info] Got 1 sessions for read:user,repo,user:email,workflow...
2026-05-01 20:27:44.386 [info] Getting sessions for read:user,repo,user:email,workflow...
2026-05-01 20:27:44.386 [info] Got 1 sessions for read:user,repo,user:email,workflow...
2026-05-01 20:27:44.532 [info] Getting sessions for all scopes...
2026-05-01 20:27:44.532 [info] Got 1 sessions for ...
2026-05-01 20:27:44.735 [info] Getting sessions for all scopes...
2026-05-01 20:27:44.735 [info] Got 1 sessions for ...
2026-05-01 20:27:44.748 [info] Getting sessions for read:user,repo,user:email,workflow...
2026-05-01 20:27:44.748 [info] Got 1 sessions for read:user,repo,user:email,workflow...
2026-05-01 20:27:45.208 [info] Getting sessions for all scopes...
2026-05-01 20:27:45.208 [info] Got 1 sessions for ...
2026-05-01 20:27:45.256 [info] Getting sessions for all scopes...
2026-05-01 20:27:45.256 [info] Got 1 sessions for ...
2026-05-01 20:27:45.256 [info] Getting sessions for all scopes...
2026-05-01 20:27:45.256 [info] Got 1 sessions for ...
2026-05-01 20:27:45.261 [info] Getting sessions for all scopes...
2026-05-01 20:27:45.261 [info] Got 1 sessions for ...
2026-05-01 20:27:45.282 [info] Getting sessions for read:user,repo,user:email,workflow...
2026-05-01 20:27:45.282 [info] Got 1 sessions for read:user,repo,user:email,workflow...
2026-05-01 20:27:45.563 [info] Getting sessions for all scopes...
2026-05-01 20:27:45.563 [info] Got 1 sessions for ...
2026-05-01 20:27:45.803 [info] Getting sessions for read:user,repo,user:email,workflow...
2026-05-01 20:27:45.803 [info] Got 1 sessions for read:user,repo,user:email,workflow...
2026-05-01 20:27:45.844 [info] Getting sessions for all scopes...
2026-05-01 20:27:45.844 [info] Got 1 sessions for ...
2026-05-01 20:27:45.845 [info] Getting sessions for read:user,repo,user:email,workflow...
2026-05-01 20:27:45.845 [info] Got 1 sessions for read:user,repo,user:email,workflow...
2026-05-01 20:27:46.187 [info] Getting sessions for all scopes...
2026-05-01 20:27:46.187 [info] Got 1 sessions for ...
2026-05-01 20:27:46.198 [info] Getting sessions for read:user,repo,user:email,workflow...
2026-05-01 20:27:46.198 [info] Got 1 sessions for read:user,repo,user:email,workflow...
2026-05-01 20:27:46.269 [info] Getting sessions for all scopes...
2026-05-01 20:27:46.269 [info] Got 1 sessions for ...
2026-05-01 20:27:46.272 [info] Getting sessions for read:user,repo,user:email,workflow...
2026-05-01 20:27:46.272 [info] Got 1 sessions for read:user,repo,user:email,workflow...
2026-05-01 20:27:47.878 [info] Getting sessions for all scopes...
2026-05-01 20:27:47.878 [info] Got 1 sessions for ...
2026-05-01 20:27:47.970 [info] Getting sessions for read:user,repo,user:email,workflow...
2026-05-01 20:27:47.970 [info] Got 1 sessions for read:user,repo,user:email,workflow...
2026-05-01 20:27:56.020 [info] Getting sessions for all scopes...
2026-05-01 20:27:56.020 [info] Got 1 sessions for ...
2026-05-01 20:27:56.021 [info] Getting sessions for all scopes...
2026-05-01 20:27:56.021 [info] Got 1 sessions for ...
2026-05-01 20:28:13.908 [info] Reading sessions from keychain...
2026-05-01 20:28:13.908 [info] Getting sessions for all scopes...
2026-05-01 20:28:13.908 [info] Got stored sessions!
2026-05-01 20:28:13.908 [info] Got 1 verified sessions.
2026-05-01 20:28:13.908 [info] Got 1 sessions for ...
2026-05-01 20:28:13.908 [info] Getting sessions for all scopes...
2026-05-01 20:28:13.908 [info] Got 1 sessions for ...
2026-05-01 20:28:13.908 [info] Getting sessions for all scopes...
2026-05-01 20:28:13.908 [info] Got 1 sessions for ...
2026-05-01 20:28:13.908 [info] Getting sessions for all scopes...
2026-05-01 20:28:13.908 [info] Got 1 sessions for ...
2026-05-01 20:28:13.908 [info] Getting sessions for all scopes...
2026-05-01 20:28:13.908 [info] Got 1 sessions for ...
2026-05-01 20:28:13.908 [info] Getting sessions for all scopes...
2026-05-01 20:28:13.908 [info] Got 1 sessions for ...
2026-05-01 20:28:13.908 [info] Getting sessions for all scopes...
2026-05-01 20:28:13.908 [info] Got 1 sessions for ...
2026-05-01 20:28:13.908 [info] Getting sessions for all scopes...
2026-05-01 20:28:13.908 [info] Got 1 sessions for ...
2026-05-01 20:28:14.038 [info] Getting sessions for read:user,repo,user:email,workflow...
2026-05-01 20:28:14.038 [info] Got 1 sessions for read:user,repo,user:email,workflow...
2026-05-01 20:28:14.222 [info] Getting sessions for all scopes...
2026-05-01 20:28:14.222 [info] Got 1 sessions for ...
2026-05-01 20:28:14.342 [info] Getting sessions for all scopes...
2026-05-01 20:28:14.342 [info] Got 1 sessions for ...
2026-05-01 20:28:14.375 [info] Getting sessions for read:user,repo,user:email,workflow...
2026-05-01 20:28:14.376 [info] Got 1 sessions for read:user,repo,user:email,workflow...
2026-05-01 20:28:15.207 [info] FetcherService: Node fetch failed with status: 429 Too Many Requests
2026-05-01 20:28:15.215 [info] Unable to resolve optional EDU details. Status: 429 Too Many Requests
2026-05-01 20:28:15.235 [info] Getting sessions for read:user,repo,user:email,workflow...
2026-05-01 20:28:15.235 [info] Got 1 sessions for read:user,repo,user:email,workflow...
2026-05-01 20:28:15.235 [info] Getting sessions for all scopes...
2026-05-01 20:28:15.235 [info] Got 1 sessions for ...
2026-05-01 20:28:15.328 [info] Getting sessions for all scopes...
2026-05-01 20:28:15.328 [info] Got 1 sessions for ...
2026-05-01 20:28:15.373 [info] Getting sessions for all scopes...
2026-05-01 20:28:15.373 [info] Got 1 sessions for ...
2026-05-01 20:28:15.374 [info] Getting sessions for read:user,repo,user:email,workflow...
2026-05-01 20:28:15.374 [info] Got 1 sessions for read:user,repo,user:email,workflow...
2026-05-01 20:28:16.022 [info] Getting sessions for all scopes...
2026-05-01 20:28:16.022 [info] Got 1 sessions for ...
2026-05-01 20:28:16.022 [info] Getting sessions for all scopes...
2026-05-01 20:28:16.022 [info] Got 1 sessions for ...
2026-05-01 20:28:16.022 [info] Getting sessions for all scopes...
2026-05-01 20:28:16.023 [info] Got 1 sessions for ...
2026-05-01 20:28:16.025 [info] Getting sessions for all scopes...
2026-05-01 20:28:16.025 [info] Got 1 sessions for ...
2026-05-01 20:28:16.080 [info] Getting sessions for all scopes...
2026-05-01 20:28:16.080 [info] Got 1 sessions for ...
2026-05-01 20:28:16.116 [info] Getting sessions for read:user,repo,user:email,workflow...
2026-05-01 20:28:16.116 [info] Got 1 sessions for read:user,repo,user:email,workflow...
2026-05-01 20:28:16.200 [info] Getting sessions for all scopes...
2026-05-01 20:28:16.200 [info] Got 1 sessions for ...
2026-05-01 20:28:16.457 [info] Getting sessions for read:user,repo,user:email,workflow...
2026-05-01 20:28:16.457 [info] Got 1 sessions for read:user,repo,user:email,workflow...
2026-05-01 20:28:16.470 [info] Getting sessions for all scopes...
2026-05-01 20:28:16.470 [info] Got 1 sessions for ...
2026-05-01 20:28:16.471 [info] Getting sessions for read:user,repo,user:email,workflow...
2026-05-01 20:28:16.471 [info] Got 1 sessions for read:user,repo,user:email,workflow...
2026-05-01 20:28:16.481 [info] Getting sessions for all scopes...
2026-05-01 20:28:16.481 [info] Got 1 sessions for ...
2026-05-01 20:28:16.482 [info] Getting sessions for read:user,repo,user:email,workflow...
2026-05-01 20:28:16.483 [info] Got 1 sessions for read:user,repo,user:email,workflow...
2026-05-01 20:28:16.507 [info] Getting sessions for all scopes...
2026-05-01 20:28:16.507 [info] Got 1 sessions for ...
2026-05-01 20:28:16.508 [info] Getting sessions for read:user,repo,user:email,workflow...
2026-05-01 20:28:16.508 [info] Got 1 sessions for read:user,repo,user:email,workflow...
2026-05-01 20:28:16.518 [info] Getting sessions for all scopes...
2026-05-01 20:28:16.518 [info] Got 1 sessions for ...
2026-05-01 20:28:16.519 [info] Getting sessions for read:user,repo,user:email,workflow...
2026-05-01 20:28:16.519 [info] Got 1 sessions for read:user,repo,user:email,workflow...
2026-05-01 20:28:16.763 [info] Getting sessions for all scopes...
2026-05-01 20:28:16.763 [info] Got 1 sessions for ...
2026-05-01 20:28:16.764 [info] Getting sessions for read:user,repo,user:email,workflow...
2026-05-01 20:28:16.764 [info] Got 1 sessions for read:user,repo,user:email,workflow...
2026-05-01 20:28:47.642 [info] Reading sessions from keychain...
2026-05-01 20:28:47.642 [info] Got stored sessions!
2026-05-01 20:28:47.642 [info] Got 1 verified sessions.
2026-05-01 20:28:47.642 [info] Getting sessions for all scopes...
2026-05-01 20:28:47.642 [info] Got 1 sessions for ...
2026-05-01 20:28:47.642 [info] Getting sessions for all scopes...
2026-05-01 20:28:47.642 [info] Got 1 sessions for ...
2026-05-01 20:28:47.642 [info] Getting sessions for all scopes...
2026-05-01 20:28:47.642 [info] Got 1 sessions for ...
2026-05-01 20:28:47.642 [info] Getting sessions for all scopes...
2026-05-01 20:28:47.642 [info] Got 1 sessions for ...
2026-05-01 20:28:47.642 [info] Getting sessions for all scopes...
2026-05-01 20:28:47.642 [info] Got 1 sessions for ...
2026-05-01 20:28:47.642 [info] Getting sessions for all scopes...
2026-05-01 20:28:47.642 [info] Got 1 sessions for ...
2026-05-01 20:28:47.642 [info] Getting sessions for all scopes...
2026-05-01 20:28:47.642 [info] Got 1 sessions for ...
2026-05-01 20:28:47.642 [info] Getting sessions for all scopes...
2026-05-01 20:28:47.642 [info] Got 1 sessions for ...
2026-05-01 20:28:47.720 [info] Getting sessions for read:user,repo,user:email,workflow...
2026-05-01 20:28:47.720 [info] Got 1 sessions for read:user,repo,user:email,workflow...
2026-05-01 20:28:47.894 [info] Getting sessions for all scopes...
2026-05-01 20:28:47.894 [info] Got 1 sessions for ...
2026-05-01 20:28:47.982 [info] Getting sessions for read:user,repo,user:email,workflow...
2026-05-01 20:28:47.982 [info] Got 1 sessions for read:user,repo,user:email,workflow...
2026-05-01 20:28:48.003 [info] Getting sessions for all scopes...
2026-05-01 20:28:48.003 [info] Got 1 sessions for ...
2026-05-01 20:28:48.007 [info] Getting sessions for read:user,repo,user:email,workflow...
2026-05-01 20:28:48.007 [info] Got 1 sessions for read:user,repo,user:email,workflow...
2026-05-01 20:28:48.192 [info] Getting sessions for read:user,repo,user:email,workflow...
2026-05-01 20:28:48.192 [info] Got 1 sessions for read:user,repo,user:email,workflow...
2026-05-01 20:28:49.000 [info] Getting sessions for all scopes...
2026-05-01 20:28:49.000 [info] Got 1 sessions for ...
2026-05-01 20:28:49.000 [info] Getting sessions for all scopes...
2026-05-01 20:28:49.000 [info] Got 1 sessions for ...
2026-05-01 20:28:49.016 [info] Getting sessions for read:user,repo,user:email,workflow...
2026-05-01 20:28:49.016 [info] Got 1 sessions for read:user,repo,user:email,workflow...
2026-05-01 20:28:49.278 [info] Getting sessions for all scopes...
2026-05-01 20:28:49.278 [info] Got 1 sessions for ...
2026-05-01 20:28:49.278 [info] Getting sessions for all scopes...
2026-05-01 20:28:49.278 [info] Got 1 sessions for ...
2026-05-01 20:28:49.278 [info] Getting sessions for all scopes...
2026-05-01 20:28:49.278 [info] Got 1 sessions for ...
2026-05-01 20:28:49.292 [info] Getting sessions for all scopes...
2026-05-01 20:28:49.292 [info] Got 1 sessions for ...
2026-05-01 20:28:49.459 [info] FetcherService: Node fetch failed with status: 429 Too Many Requests
2026-05-01 20:28:49.466 [info] Unable to resolve optional EDU details. Status: 429 Too Many Requests
2026-05-01 20:28:49.479 [info] Getting sessions for read:user,repo,user:email,workflow...
2026-05-01 20:28:49.479 [info] Got 1 sessions for read:user,repo,user:email,workflow...
2026-05-01 20:28:49.605 [info] Getting sessions for all scopes...
2026-05-01 20:28:49.605 [info] Got 1 sessions for ...
2026-05-01 20:28:49.608 [info] Getting sessions for read:user,repo,user:email,workflow...
2026-05-01 20:28:49.608 [info] Got 1 sessions for read:user,repo,user:email,workflow...
2026-05-01 20:28:49.804 [info] Getting sessions for all scopes...
2026-05-01 20:28:49.804 [info] Got 1 sessions for ...
2026-05-01 20:28:49.810 [info] Getting sessions for read:user,repo,user:email,workflow...
2026-05-01 20:28:49.810 [info] Got 1 sessions for read:user,repo,user:email,workflow...
2026-05-01 20:28:49.818 [info] Getting sessions for all scopes...
2026-05-01 20:28:49.818 [info] Got 1 sessions for ...
2026-05-01 20:28:49.819 [info] Getting sessions for read:user,repo,user:email,workflow...
2026-05-01 20:28:49.819 [info] Got 1 sessions for read:user,repo,user:email,workflow...
2026-05-01 20:28:49.842 [info] Getting sessions for all scopes...
2026-05-01 20:28:49.842 [info] Got 1 sessions for ...
2026-05-01 20:28:49.843 [info] Getting sessions for read:user,repo,user:email,workflow...
2026-05-01 20:28:49.843 [info] Got 1 sessions for read:user,repo,user:email,workflow...
2026-05-01 20:28:50.113 [info] Getting sessions for all scopes...
2026-05-01 20:28:50.113 [info] Got 1 sessions for ...
2026-05-01 20:28:50.114 [info] Getting sessions for read:user,repo,user:email,workflow...
2026-05-01 20:28:50.114 [info] Got 1 sessions for read:user,repo,user:email,workflow...
2026-05-01 20:28:50.120 [info] Getting sessions for all scopes...
2026-05-01 20:28:50.120 [info] Got 1 sessions for ...
2026-05-01 20:28:50.121 [info] Getting sessions for read:user,repo,user:email,workflow...
2026-05-01 20:28:50.121 [info] Got 1 sessions for read:user,repo,user:email,workflow...
