2026-05-01 20:27:43.534 [info] [main] Log level: Info
2026-05-01 20:27:43.534 [info] [main] Validating found git in: "git"
2026-05-01 20:27:43.534 [info] [main] Using git "2.43.7" from "git"
2026-05-01 20:27:43.534 [info] [Model][doInitialScan] Initial repository scan started
2026-05-01 20:27:43.534 [info] > git rev-parse --show-toplevel [138ms]
2026-05-01 20:27:43.534 [info] > git rev-parse --git-dir --git-common-dir --show-superproject-working-tree [94ms]
2026-05-01 20:27:43.566 [info] [Model][openRepository] Opened repository (path): /nfs/site/disks/zsc14.xne_irw.085/mdmamunu/GHCP_WW17
2026-05-01 20:27:43.566 [info] [Model][openRepository] Opened repository (real path): /nfs/site/disks/zsc14.xne_irw.085/mdmamunu/GHCP_WW17
2026-05-01 20:27:43.566 [info] [Model][openRepository] Opened repository (kind): repository
2026-05-01 20:27:43.688 [info] > git config --get commit.template [110ms]
2026-05-01 20:27:43.712 [info] > git rev-parse --show-toplevel [66ms]
2026-05-01 20:27:43.786 [info] > git rev-parse --show-toplevel [29ms]
2026-05-01 20:27:43.786 [info] > git for-each-ref --format=%(refname)%00%(upstream:short)%00%(objectname)%00%(upstream:track)%00%(upstream:remotename)%00%(upstream:remoteref) refs/heads/main refs/remotes/main [42ms]
2026-05-01 20:27:43.827 [info] > git rev-parse --show-toplevel [28ms]
2026-05-01 20:27:43.841 [info] > git for-each-ref --sort -committerdate --format %(refname)%00%(objectname)%00%(*objectname) [16ms]
2026-05-01 20:27:43.846 [info] > git rev-parse --show-toplevel [8ms]
2026-05-01 20:27:43.888 [info] > git status -z -uall [73ms]
2026-05-01 20:27:43.940 [info] > git rev-parse --show-toplevel [82ms]
2026-05-01 20:27:43.979 [info] > git rev-parse --show-toplevel [9ms]
2026-05-01 20:27:43.979 [info] > git config --get commit.template [18ms]
2026-05-01 20:27:43.979 [info] > git for-each-ref --format=%(refname)%00%(upstream:short)%00%(objectname)%00%(upstream:track)%00%(upstream:remotename)%00%(upstream:remoteref) refs/heads/main refs/remotes/main [41ms]
2026-05-01 20:27:44.134 [info] > git rev-parse --show-toplevel [133ms]
2026-05-01 20:27:44.134 [info] > git config --get --local branch.main.vscode-merge-base [145ms]
2026-05-01 20:27:44.134 [warning] [Git][config] git config failed: Failed to execute git
2026-05-01 20:27:44.368 [info] > git check-ignore -v -z --stdin [214ms]
2026-05-01 20:27:44.369 [info] > git reflog main --grep-reflog=branch: Created from *. [225ms]
2026-05-01 20:27:44.379 [info] > git for-each-ref --format=%(refname)%00%(upstream:short)%00%(objectname)%00%(upstream:track)%00%(upstream:remotename)%00%(upstream:remoteref) refs/heads/main refs/remotes/main [250ms]
2026-05-01 20:27:44.426 [info] > git rev-parse --show-toplevel [60ms]
2026-05-01 20:27:44.518 [info] > git symbolic-ref --short refs/remotes/origin/HEAD [139ms]
2026-05-01 20:27:44.518 [info] fatal: ref refs/remotes/origin/HEAD is not a symbolic ref
2026-05-01 20:27:44.518 [warning] [Repository][getDefaultBranch] Failed to get default branch details: Failed to execute git.
2026-05-01 20:27:44.626 [info] > git rev-parse --show-toplevel [109ms]
2026-05-01 20:27:44.715 [info] > git merge-base refs/heads/main refs/remotes/origin/main [186ms]
2026-05-01 20:27:44.733 [info] > git rev-parse --show-toplevel [19ms]
2026-05-01 20:27:44.734 [info] > git for-each-ref --sort -committerdate --format %(refname)%00%(objectname)%00%(*objectname) [32ms]
2026-05-01 20:27:44.747 [info] > git status -z -uall [106ms]
2026-05-01 20:27:44.747 [info] > git diff --raw --numstat --diff-filter=ADMR -z --find-renames=50% 648fbbd60b11c49c7404547b03800e58dc98d9dc...refs/remotes/origin/main -- [21ms]
2026-05-01 20:27:44.764 [info] > git rev-parse --show-toplevel [18ms]
2026-05-01 20:27:45.212 [info] > git rev-parse --show-toplevel [134ms]
2026-05-01 20:27:45.263 [info] > git rev-parse --show-toplevel [17ms]
2026-05-01 20:27:45.292 [info] > git rev-parse --show-toplevel [17ms]
2026-05-01 20:27:45.294 [info] [Model][doInitialScan] Initial repository scan completed - repositories (1), closed repositories (0), parent repositories (0), unsafe repositories (0)
2026-05-01 20:27:45.535 [info] > git config --get commit.template [215ms]
2026-05-01 20:27:45.563 [info] > git for-each-ref --format=%(refname)%00%(upstream:short)%00%(objectname)%00%(upstream:track)%00%(upstream:remotename)%00%(upstream:remoteref) refs/heads/main refs/remotes/main [10ms]
2026-05-01 20:27:45.780 [info] > git status -z -uall [182ms]
2026-05-01 20:27:45.784 [info] > git for-each-ref --sort -committerdate --format %(refname)%00%(objectname)%00%(*objectname) [175ms]
2026-05-01 20:27:52.433 [info] > git config --get commit.template [13ms]
2026-05-01 20:27:52.443 [info] > git for-each-ref --format=%(refname)%00%(upstream:short)%00%(objectname)%00%(upstream:track)%00%(upstream:remotename)%00%(upstream:remoteref) refs/heads/main refs/remotes/main [11ms]
2026-05-01 20:27:52.477 [info] > git for-each-ref --sort -committerdate --format %(refname)%00%(objectname)%00%(*objectname) [12ms]
2026-05-01 20:27:52.548 [info] > git status -z -uall [93ms]
2026-05-01 20:27:57.589 [info] > git config --get commit.template [16ms]
2026-05-01 20:27:57.596 [info] > git for-each-ref --format=%(refname)%00%(upstream:short)%00%(objectname)%00%(upstream:track)%00%(upstream:remotename)%00%(upstream:remoteref) refs/heads/main refs/remotes/main [10ms]
2026-05-01 20:27:57.628 [info] > git for-each-ref --sort -committerdate --format %(refname)%00%(objectname)%00%(*objectname) [10ms]
2026-05-01 20:27:57.656 [info] > git status -z -uall [49ms]
2026-05-01 20:28:02.687 [info] > git config --get commit.template [10ms]
2026-05-01 20:28:02.694 [info] > git for-each-ref --format=%(refname)%00%(upstream:short)%00%(objectname)%00%(upstream:track)%00%(upstream:remotename)%00%(upstream:remoteref) refs/heads/main refs/remotes/main [7ms]
2026-05-01 20:28:02.728 [info] > git for-each-ref --sort -committerdate --format %(refname)%00%(objectname)%00%(*objectname) [10ms]
2026-05-01 20:28:02.764 [info] > git status -z -uall [56ms]
2026-05-01 20:28:07.799 [info] > git config --get commit.template [11ms]
2026-05-01 20:28:07.828 [info] > git for-each-ref --format=%(refname)%00%(upstream:short)%00%(objectname)%00%(upstream:track)%00%(upstream:remotename)%00%(upstream:remoteref) refs/heads/main refs/remotes/main [30ms]
2026-05-01 20:28:07.866 [info] > git for-each-ref --sort -committerdate --format %(refname)%00%(objectname)%00%(*objectname) [15ms]
2026-05-01 20:28:07.923 [info] > git status -z -uall [83ms]
2026-05-01 20:28:14.232 [info] [main] Log level: Info
2026-05-01 20:28:14.232 [info] [main] Validating found git in: "git"
2026-05-01 20:28:14.232 [info] [main] Using git "2.43.7" from "git"
2026-05-01 20:28:14.232 [info] [Model][doInitialScan] Initial repository scan started
2026-05-01 20:28:14.232 [info] > git rev-parse --show-toplevel [56ms]
2026-05-01 20:28:14.286 [info] > git rev-parse --git-dir --git-common-dir --show-superproject-working-tree [43ms]
2026-05-01 20:28:14.352 [info] [Model][openRepository] Opened repository (path): /nfs/site/disks/zsc14.xne_irw.085/mdmamunu/GHCP_WW17
2026-05-01 20:28:14.352 [info] [Model][openRepository] Opened repository (real path): /nfs/site/disks/zsc14.xne_irw.085/mdmamunu/GHCP_WW17
2026-05-01 20:28:14.352 [info] [Model][openRepository] Opened repository (kind): repository
2026-05-01 20:28:14.378 [info] > git config --get commit.template [15ms]
2026-05-01 20:28:14.391 [info] > git rev-parse --show-toplevel [18ms]
2026-05-01 20:28:14.407 [info] > git for-each-ref --format=%(refname)%00%(upstream:short)%00%(objectname)%00%(upstream:track)%00%(upstream:remotename)%00%(upstream:remoteref) refs/heads/main refs/remotes/main [19ms]
2026-05-01 20:28:14.429 [info] > git rev-parse --show-toplevel [25ms]
2026-05-01 20:28:14.528 [info] > git for-each-ref --sort -committerdate --format %(refname)%00%(objectname)%00%(*objectname) [100ms]
2026-05-01 20:28:14.613 [info] > git rev-parse --show-toplevel [86ms]
2026-05-01 20:28:14.627 [info] > git status -z -uall [209ms]
2026-05-01 20:28:14.766 [info] > git rev-parse --show-toplevel [141ms]
2026-05-01 20:28:14.767 [info] [Model][doInitialScan] Initial repository scan completed - repositories (1), closed repositories (0), parent repositories (0), unsafe repositories (0)
2026-05-01 20:28:14.915 [info] > git config --get commit.template [186ms]
2026-05-01 20:28:14.915 [info] > git for-each-ref --format=%(refname)%00%(upstream:short)%00%(objectname)%00%(upstream:track)%00%(upstream:remotename)%00%(upstream:remoteref) refs/heads/main refs/remotes/main [207ms]
2026-05-01 20:28:15.217 [info] > git config --get --local branch.main.vscode-merge-base [292ms]
2026-05-01 20:28:15.217 [warning] [Git][config] git config failed: Failed to execute git
2026-05-01 20:28:15.285 [info] > git check-ignore -v -z --stdin [51ms]
2026-05-01 20:28:15.285 [info] > git reflog main --grep-reflog=branch: Created from *. [59ms]
2026-05-01 20:28:15.332 [info] > git symbolic-ref --short refs/remotes/origin/HEAD [38ms]
2026-05-01 20:28:15.332 [info] fatal: ref refs/remotes/origin/HEAD is not a symbolic ref
2026-05-01 20:28:15.332 [warning] [Repository][getDefaultBranch] Failed to get default branch details: Failed to execute git.
2026-05-01 20:28:15.342 [info] > git for-each-ref --format=%(refname)%00%(upstream:short)%00%(objectname)%00%(upstream:track)%00%(upstream:remotename)%00%(upstream:remoteref) refs/heads/main refs/remotes/main [95ms]
2026-05-01 20:28:15.359 [info] > git merge-base refs/heads/main refs/remotes/origin/main [18ms]
2026-05-01 20:28:15.390 [info] > git diff --raw --numstat --diff-filter=ADMR -z --find-renames=50% 648fbbd60b11c49c7404547b03800e58dc98d9dc...refs/remotes/origin/main -- [22ms]
2026-05-01 20:28:15.435 [info] > git for-each-ref --sort -committerdate --format %(refname)%00%(objectname)%00%(*objectname) [46ms]
2026-05-01 20:28:15.620 [info] > git status -z -uall [237ms]
2026-05-01 20:28:16.001 [info] > git config --get commit.template [281ms]
2026-05-01 20:28:16.114 [info] > git for-each-ref --format=%(refname)%00%(upstream:short)%00%(objectname)%00%(upstream:track)%00%(upstream:remotename)%00%(upstream:remoteref) refs/heads/main refs/remotes/main [24ms]
2026-05-01 20:28:16.431 [info] > git status -z -uall [291ms]
2026-05-01 20:28:16.435 [info] > git for-each-ref --sort -committerdate --format %(refname)%00%(objectname)%00%(*objectname) [235ms]
2026-05-01 20:28:20.454 [info] > git config --get commit.template [15ms]
2026-05-01 20:28:20.481 [info] > git for-each-ref --format=%(refname)%00%(upstream:short)%00%(objectname)%00%(upstream:track)%00%(upstream:remotename)%00%(upstream:remoteref) refs/heads/main refs/remotes/main [10ms]
2026-05-01 20:28:20.513 [info] > git for-each-ref --sort -committerdate --format %(refname)%00%(objectname)%00%(*objectname) [9ms]
2026-05-01 20:28:20.537 [info] > git status -z -uall [45ms]
2026-05-01 20:28:25.571 [info] > git config --get commit.template [8ms]
2026-05-01 20:28:25.578 [info] > git for-each-ref --format=%(refname)%00%(upstream:short)%00%(objectname)%00%(upstream:track)%00%(upstream:remotename)%00%(upstream:remoteref) refs/heads/main refs/remotes/main [8ms]
2026-05-01 20:28:25.615 [info] > git for-each-ref --sort -committerdate --format %(refname)%00%(objectname)%00%(*objectname) [14ms]
2026-05-01 20:28:25.643 [info] > git status -z -uall [54ms]
2026-05-01 20:28:30.677 [info] > git config --get commit.template [10ms]
2026-05-01 20:28:30.684 [info] > git for-each-ref --format=%(refname)%00%(upstream:short)%00%(objectname)%00%(upstream:track)%00%(upstream:remotename)%00%(upstream:remoteref) refs/heads/main refs/remotes/main [8ms]
2026-05-01 20:28:30.721 [info] > git for-each-ref --sort -committerdate --format %(refname)%00%(objectname)%00%(*objectname) [19ms]
2026-05-01 20:28:30.801 [info] > git status -z -uall [107ms]
2026-05-01 20:28:35.838 [info] > git config --get commit.template [12ms]
2026-05-01 20:28:35.854 [info] > git for-each-ref --format=%(refname)%00%(upstream:short)%00%(objectname)%00%(upstream:track)%00%(upstream:remotename)%00%(upstream:remoteref) refs/heads/main refs/remotes/main [16ms]
2026-05-01 20:28:35.878 [info] > git for-each-ref --sort -committerdate --format %(refname)%00%(objectname)%00%(*objectname) [7ms]
2026-05-01 20:28:35.913 [info] > git status -z -uall [49ms]
2026-05-01 20:28:40.947 [info] > git config --get commit.template [12ms]
2026-05-01 20:28:40.961 [info] > git for-each-ref --format=%(refname)%00%(upstream:short)%00%(objectname)%00%(upstream:track)%00%(upstream:remotename)%00%(upstream:remoteref) refs/heads/main refs/remotes/main [15ms]
2026-05-01 20:28:40.992 [info] > git for-each-ref --sort -committerdate --format %(refname)%00%(objectname)%00%(*objectname) [13ms]
2026-05-01 20:28:41.081 [info] > git status -z -uall [111ms]
2026-05-01 20:28:47.900 [info] [main] Log level: Info
2026-05-01 20:28:47.900 [info] [main] Validating found git in: "git"
2026-05-01 20:28:47.900 [info] [main] Using git "2.43.7" from "git"
2026-05-01 20:28:47.900 [info] [Model][doInitialScan] Initial repository scan started
2026-05-01 20:28:47.900 [info] > git rev-parse --show-toplevel [6ms]
2026-05-01 20:28:47.900 [info] fatal: not a git repository (or any parent up to mount point /nfs/site/disks)
Stopping at filesystem boundary (GIT_DISCOVERY_ACROSS_FILESYSTEM not set).
2026-05-01 20:28:47.900 [info] > git rev-parse --show-toplevel [9ms]
2026-05-01 20:28:47.900 [info] > git rev-parse --git-dir --git-common-dir --show-superproject-working-tree [85ms]
2026-05-01 20:28:47.920 [info] [Model][openRepository] Opened repository (path): /nfs/site/disks/zsc14.xne_irw.085/mdmamunu/GHCP_WW17
2026-05-01 20:28:47.920 [info] [Model][openRepository] Opened repository (real path): /nfs/site/disks/zsc14.xne_irw.085/mdmamunu/GHCP_WW17
2026-05-01 20:28:47.920 [info] [Model][openRepository] Opened repository (kind): repository
2026-05-01 20:28:47.979 [info] > git config --get commit.template [50ms]
2026-05-01 20:28:47.983 [info] > git rev-parse --show-toplevel [47ms]
2026-05-01 20:28:47.983 [info] fatal: not a git repository (or any parent up to mount point /nfs/site/disks)
Stopping at filesystem boundary (GIT_DISCOVERY_ACROSS_FILESYSTEM not set).
2026-05-01 20:28:48.013 [info] > git rev-parse --show-toplevel [12ms]
2026-05-01 20:28:48.013 [info] fatal: not a git repository (or any parent up to mount point /nfs/site/disks)
Stopping at filesystem boundary (GIT_DISCOVERY_ACROSS_FILESYSTEM not set).
2026-05-01 20:28:48.013 [info] > git for-each-ref --format=%(refname)%00%(upstream:short)%00%(objectname)%00%(upstream:track)%00%(upstream:remotename)%00%(upstream:remoteref) refs/heads/main refs/remotes/main [18ms]
2026-05-01 20:28:48.040 [info] > git rev-parse --show-toplevel [18ms]
2026-05-01 20:28:48.040 [info] fatal: not a git repository (or any parent up to mount point /nfs/site/disks)
Stopping at filesystem boundary (GIT_DISCOVERY_ACROSS_FILESYSTEM not set).
2026-05-01 20:28:48.049 [info] > git for-each-ref --sort -committerdate --format %(refname)%00%(objectname)%00%(*objectname) [11ms]
2026-05-01 20:28:48.055 [info] > git rev-parse --show-toplevel [6ms]
2026-05-01 20:28:48.055 [info] fatal: not a git repository (or any parent up to mount point /nfs/site/disks)
Stopping at filesystem boundary (GIT_DISCOVERY_ACROSS_FILESYSTEM not set).
2026-05-01 20:28:48.074 [info] > git rev-parse --show-toplevel [10ms]
2026-05-01 20:28:48.074 [info] fatal: not a git repository (or any parent up to mount point /nfs/site/disks)
Stopping at filesystem boundary (GIT_DISCOVERY_ACROSS_FILESYSTEM not set).
2026-05-01 20:28:48.093 [info] > git rev-parse --show-toplevel [11ms]
2026-05-01 20:28:48.093 [info] fatal: not a git repository (or any parent up to mount point /nfs/site/disks)
Stopping at filesystem boundary (GIT_DISCOVERY_ACROSS_FILESYSTEM not set).
2026-05-01 20:28:48.113 [info] > git status -z -uall [84ms]
2026-05-01 20:28:48.113 [info] > git rev-parse --show-toplevel [13ms]
2026-05-01 20:28:48.113 [info] fatal: not a git repository (or any parent up to mount point /nfs/site/disks)
Stopping at filesystem boundary (GIT_DISCOVERY_ACROSS_FILESYSTEM not set).
2026-05-01 20:28:48.172 [info] > git rev-parse --show-toplevel [51ms]
2026-05-01 20:28:48.172 [info] fatal: not a git repository (or any parent up to mount point /nfs/site/disks)
Stopping at filesystem boundary (GIT_DISCOVERY_ACROSS_FILESYSTEM not set).
2026-05-01 20:28:48.182 [info] > git for-each-ref --format=%(refname)%00%(upstream:short)%00%(objectname)%00%(upstream:track)%00%(upstream:remotename)%00%(upstream:remoteref) refs/heads/main refs/remotes/main [25ms]
2026-05-01 20:28:48.193 [info] > git config --get commit.template [21ms]
2026-05-01 20:28:48.222 [info] > git config --get --local branch.main.vscode-merge-base [31ms]
2026-05-01 20:28:48.222 [warning] [Git][config] git config failed: Failed to execute git
2026-05-01 20:28:48.229 [info] > git rev-parse --show-toplevel [47ms]
2026-05-01 20:28:48.229 [info] fatal: not a git repository (or any parent up to mount point /nfs/site/disks)
Stopping at filesystem boundary (GIT_DISCOVERY_ACROSS_FILESYSTEM not set).
2026-05-01 20:28:48.349 [info] > git reflog main --grep-reflog=branch: Created from *. [120ms]
2026-05-01 20:28:48.358 [info] > git for-each-ref --format=%(refname)%00%(upstream:short)%00%(objectname)%00%(upstream:track)%00%(upstream:remotename)%00%(upstream:remoteref) refs/heads/main refs/remotes/main [137ms]
2026-05-01 20:28:48.361 [info] > git rev-parse --show-toplevel [16ms]
2026-05-01 20:28:48.361 [info] fatal: not a git repository (or any parent up to mount point /nfs/site/disks)
Stopping at filesystem boundary (GIT_DISCOVERY_ACROSS_FILESYSTEM not set).
2026-05-01 20:28:48.876 [info] > git symbolic-ref --short refs/remotes/origin/HEAD [518ms]
2026-05-01 20:28:48.876 [info] fatal: ref refs/remotes/origin/HEAD is not a symbolic ref
2026-05-01 20:28:48.876 [warning] [Repository][getDefaultBranch] Failed to get default branch details: Failed to execute git.
2026-05-01 20:28:48.934 [info] > git check-ignore -v -z --stdin [40ms]
2026-05-01 20:28:48.935 [info] > git merge-base refs/heads/main refs/remotes/origin/main [50ms]
2026-05-01 20:28:48.944 [info] > git rev-parse --show-toplevel [109ms]
2026-05-01 20:28:48.944 [info] fatal: not a git repository (or any parent up to mount point /nfs/site/disks)
Stopping at filesystem boundary (GIT_DISCOVERY_ACROSS_FILESYSTEM not set).
2026-05-01 20:28:48.945 [info] [Model][doInitialScan] Initial repository scan completed - repositories (1), closed repositories (0), parent repositories (0), unsafe repositories (0)
2026-05-01 20:28:49.011 [info] > git rev-parse --show-toplevel [33ms]
2026-05-01 20:28:49.011 [info] fatal: not a git repository (or any parent up to mount point /nfs/site/disks)
Stopping at filesystem boundary (GIT_DISCOVERY_ACROSS_FILESYSTEM not set).
2026-05-01 20:28:49.012 [info] > git for-each-ref --sort -committerdate --format %(refname)%00%(objectname)%00%(*objectname) [42ms]
2026-05-01 20:28:49.012 [info] > git diff --raw --numstat --diff-filter=ADMR -z --find-renames=50% 648fbbd60b11c49c7404547b03800e58dc98d9dc...refs/remotes/origin/main -- [68ms]
2026-05-01 20:28:49.233 [info] > git status -z -uall [271ms]
2026-05-01 20:28:49.291 [info] > git config --get commit.template [23ms]
2026-05-01 20:28:49.468 [info] > git for-each-ref --format=%(refname)%00%(upstream:short)%00%(objectname)%00%(upstream:track)%00%(upstream:remotename)%00%(upstream:remoteref) refs/heads/main refs/remotes/main [117ms]
2026-05-01 20:28:49.525 [info] > git for-each-ref --sort -committerdate --format %(refname)%00%(objectname)%00%(*objectname) [11ms]
2026-05-01 20:28:49.585 [info] > git status -z -uall [80ms]
2026-05-01 20:28:49.795 [info] > git rev-parse --show-toplevel [104ms]
2026-05-01 20:28:49.795 [info] fatal: not a git repository (or any parent up to mount point /nfs/site/disks)
Stopping at filesystem boundary (GIT_DISCOVERY_ACROSS_FILESYSTEM not set).
