2026-05-01 20:20:51.705 [info] [main] Log level: Info
2026-05-01 20:20:51.705 [info] [main] Validating found git in: "git"
2026-05-01 20:20:51.705 [info] [main] Using git "2.43.7" from "git"
2026-05-01 20:20:51.705 [info] [Model][doInitialScan] Initial repository scan started
2026-05-01 20:20:51.705 [info] > git rev-parse --show-toplevel [132ms]
2026-05-01 20:20:51.705 [info] > git rev-parse --git-dir --git-common-dir --show-superproject-working-tree [56ms]
2026-05-01 20:20:51.728 [info] [Model][openRepository] Opened repository (path): /nfs/site/disks/zsc14.xne_irw.085/mdmamunu/GHCP_WW17
2026-05-01 20:20:51.728 [info] [Model][openRepository] Opened repository (real path): /nfs/site/disks/zsc14.xne_irw.085/mdmamunu/GHCP_WW17
2026-05-01 20:20:51.728 [info] [Model][openRepository] Opened repository (kind): repository
2026-05-01 20:20:51.775 [info] > git config --get commit.template [33ms]
2026-05-01 20:20:51.878 [info] > git for-each-ref --format=%(refname)%00%(upstream:short)%00%(objectname)%00%(upstream:track)%00%(upstream:remotename)%00%(upstream:remoteref) refs/heads/main refs/remotes/main [29ms]
2026-05-01 20:20:51.903 [info] > git rev-parse --show-toplevel [17ms]
2026-05-01 20:20:51.912 [info] > git for-each-ref --sort -committerdate --format %(refname)%00%(objectname)%00%(*objectname) [11ms]
2026-05-01 20:20:51.928 [info] > git rev-parse --show-toplevel [18ms]
2026-05-01 20:20:51.940 [info] > git status -z -uall [46ms]
2026-05-01 20:20:52.000 [info] > git rev-parse --show-toplevel [62ms]
2026-05-01 20:20:52.017 [info] > git config --get commit.template [24ms]
2026-05-01 20:20:52.017 [info] > git for-each-ref --format=%(refname)%00%(upstream:short)%00%(objectname)%00%(upstream:track)%00%(upstream:remotename)%00%(upstream:remoteref) refs/heads/main refs/remotes/main [41ms]
2026-05-01 20:20:52.030 [info] > git rev-parse --show-toplevel [15ms]
2026-05-01 20:20:52.164 [info] > git rev-parse --show-toplevel [117ms]
2026-05-01 20:20:52.165 [info] > git for-each-ref --format=%(refname)%00%(upstream:short)%00%(objectname)%00%(upstream:track)%00%(upstream:remotename)%00%(upstream:remoteref) refs/heads/main refs/remotes/main [125ms]
2026-05-01 20:20:52.166 [info] > git config --get --local branch.main.vscode-merge-base [140ms]
2026-05-01 20:20:52.166 [warning] [Git][config] git config failed: Failed to execute git
2026-05-01 20:20:52.312 [info] > git reflog main --grep-reflog=branch: Created from *. [136ms]
2026-05-01 20:20:52.370 [info] > git check-ignore -v -z --stdin [40ms]
2026-05-01 20:20:52.372 [info] > git symbolic-ref --short refs/remotes/origin/HEAD [52ms]
2026-05-01 20:20:52.372 [info] fatal: ref refs/remotes/origin/HEAD is not a symbolic ref
2026-05-01 20:20:52.372 [warning] [Repository][getDefaultBranch] Failed to get default branch details: Failed to execute git.
2026-05-01 20:20:52.382 [info] > git rev-parse --show-toplevel [82ms]
2026-05-01 20:20:52.495 [info] > git rev-parse --show-toplevel [67ms]
2026-05-01 20:20:52.496 [info] > git merge-base refs/heads/main refs/remotes/origin/main [115ms]
2026-05-01 20:20:52.521 [info] > git for-each-ref --sort -committerdate --format %(refname)%00%(objectname)%00%(*objectname) [27ms]
2026-05-01 20:20:52.525 [info] > git status -z -uall [39ms]
2026-05-01 20:20:52.545 [info] > git diff --raw --numstat --diff-filter=ADMR -z --find-renames=50% 648fbbd60b11c49c7404547b03800e58dc98d9dc...refs/remotes/origin/main -- [37ms]
2026-05-01 20:20:52.551 [info] > git rev-parse --show-toplevel [32ms]
2026-05-01 20:20:52.598 [info] > git merge-base refs/heads/main refs/remotes/origin/main [55ms]
2026-05-01 20:20:52.615 [info] > git rev-parse --show-toplevel [52ms]
2026-05-01 20:20:52.964 [info] > git diff --raw --numstat --diff-filter=ADMR -z --find-renames=50% 648fbbd60b11c49c7404547b03800e58dc98d9dc...refs/remotes/origin/main -- [355ms]
2026-05-01 20:20:53.058 [info] > git rev-parse --show-toplevel [99ms]
2026-05-01 20:20:53.109 [info] > git rev-parse --show-toplevel [18ms]
2026-05-01 20:20:53.158 [info] > git rev-parse --show-toplevel [37ms]
2026-05-01 20:20:53.183 [info] > git rev-parse --show-toplevel [13ms]
2026-05-01 20:20:53.204 [info] > git rev-parse --show-toplevel [12ms]
2026-05-01 20:20:53.205 [info] [Model][doInitialScan] Initial repository scan completed - repositories (1), closed repositories (0), parent repositories (0), unsafe repositories (0)
2026-05-01 20:20:53.300 [info] > git config --get commit.template [80ms]
2026-05-01 20:20:53.325 [info] > git for-each-ref --format=%(refname)%00%(upstream:short)%00%(objectname)%00%(upstream:track)%00%(upstream:remotename)%00%(upstream:remoteref) refs/heads/main refs/remotes/main [94ms]
2026-05-01 20:20:53.531 [info] > git status -z -uall [107ms]
2026-05-01 20:20:53.532 [info] > git for-each-ref --sort -committerdate --format %(refname)%00%(objectname)%00%(*objectname) [100ms]
2026-05-01 20:20:57.288 [info] > git config --get commit.template [18ms]
2026-05-01 20:20:57.317 [info] > git for-each-ref --format=%(refname)%00%(upstream:short)%00%(objectname)%00%(upstream:track)%00%(upstream:remotename)%00%(upstream:remoteref) refs/heads/main refs/remotes/main [18ms]
2026-05-01 20:20:57.371 [info] > git for-each-ref --sort -committerdate --format %(refname)%00%(objectname)%00%(*objectname) [10ms]
2026-05-01 20:20:57.389 [info] > git status -z -uall [40ms]
2026-05-01 20:21:02.425 [info] > git config --get commit.template [10ms]
2026-05-01 20:21:02.436 [info] > git for-each-ref --format=%(refname)%00%(upstream:short)%00%(objectname)%00%(upstream:track)%00%(upstream:remotename)%00%(upstream:remoteref) refs/heads/main refs/remotes/main [14ms]
2026-05-01 20:21:02.463 [info] > git for-each-ref --sort -committerdate --format %(refname)%00%(objectname)%00%(*objectname) [12ms]
2026-05-01 20:21:02.504 [info] > git status -z -uall [60ms]
2026-05-01 20:21:07.533 [info] > git config --get commit.template [7ms]
2026-05-01 20:21:07.542 [info] > git for-each-ref --format=%(refname)%00%(upstream:short)%00%(objectname)%00%(upstream:track)%00%(upstream:remotename)%00%(upstream:remoteref) refs/heads/main refs/remotes/main [9ms]
2026-05-01 20:21:07.562 [info] > git for-each-ref --sort -committerdate --format %(refname)%00%(objectname)%00%(*objectname) [7ms]
2026-05-01 20:21:07.582 [info] > git status -z -uall [33ms]
2026-05-01 20:21:12.613 [info] > git config --get commit.template [10ms]
2026-05-01 20:21:12.621 [info] > git for-each-ref --format=%(refname)%00%(upstream:short)%00%(objectname)%00%(upstream:track)%00%(upstream:remotename)%00%(upstream:remoteref) refs/heads/main refs/remotes/main [9ms]
2026-05-01 20:21:12.650 [info] > git for-each-ref --sort -committerdate --format %(refname)%00%(objectname)%00%(*objectname) [8ms]
2026-05-01 20:21:12.664 [info] > git status -z -uall [33ms]
2026-05-01 20:21:17.695 [info] > git config --get commit.template [8ms]
2026-05-01 20:21:17.708 [info] > git for-each-ref --format=%(refname)%00%(upstream:short)%00%(objectname)%00%(upstream:track)%00%(upstream:remotename)%00%(upstream:remoteref) refs/heads/main refs/remotes/main [13ms]
2026-05-01 20:21:17.746 [info] > git for-each-ref --sort -committerdate --format %(refname)%00%(objectname)%00%(*objectname) [16ms]
2026-05-01 20:21:17.751 [info] > git status -z -uall [33ms]
2026-05-01 20:21:22.784 [info] > git config --get commit.template [11ms]
2026-05-01 20:21:22.797 [info] > git for-each-ref --format=%(refname)%00%(upstream:short)%00%(objectname)%00%(upstream:track)%00%(upstream:remotename)%00%(upstream:remoteref) refs/heads/main refs/remotes/main [16ms]
2026-05-01 20:21:22.825 [info] > git for-each-ref --sort -committerdate --format %(refname)%00%(objectname)%00%(*objectname) [9ms]
2026-05-01 20:21:22.844 [info] > git status -z -uall [37ms]
2026-05-01 20:21:27.872 [info] > git config --get commit.template [7ms]
2026-05-01 20:21:27.879 [info] > git for-each-ref --format=%(refname)%00%(upstream:short)%00%(objectname)%00%(upstream:track)%00%(upstream:remotename)%00%(upstream:remoteref) refs/heads/main refs/remotes/main [8ms]
2026-05-01 20:21:27.907 [info] > git for-each-ref --sort -committerdate --format %(refname)%00%(objectname)%00%(*objectname) [14ms]
2026-05-01 20:21:27.921 [info] > git status -z -uall [35ms]
2026-05-01 20:21:32.953 [info] > git config --get commit.template [8ms]
2026-05-01 20:21:32.959 [info] > git for-each-ref --format=%(refname)%00%(upstream:short)%00%(objectname)%00%(upstream:track)%00%(upstream:remotename)%00%(upstream:remoteref) refs/heads/main refs/remotes/main [7ms]
2026-05-01 20:21:32.978 [info] > git for-each-ref --sort -committerdate --format %(refname)%00%(objectname)%00%(*objectname) [7ms]
2026-05-01 20:21:33.007 [info] > git status -z -uall [42ms]
2026-05-01 20:21:38.036 [info] > git config --get commit.template [8ms]
2026-05-01 20:21:38.045 [info] > git for-each-ref --format=%(refname)%00%(upstream:short)%00%(objectname)%00%(upstream:track)%00%(upstream:remotename)%00%(upstream:remoteref) refs/heads/main refs/remotes/main [9ms]
2026-05-01 20:21:38.071 [info] > git for-each-ref --sort -committerdate --format %(refname)%00%(objectname)%00%(*objectname) [7ms]
2026-05-01 20:21:38.086 [info] > git status -z -uall [31ms]
2026-05-01 20:21:43.119 [info] > git config --get commit.template [8ms]
2026-05-01 20:21:43.126 [info] > git for-each-ref --format=%(refname)%00%(upstream:short)%00%(objectname)%00%(upstream:track)%00%(upstream:remotename)%00%(upstream:remoteref) refs/heads/main refs/remotes/main [8ms]
2026-05-01 20:21:43.154 [info] > git for-each-ref --sort -committerdate --format %(refname)%00%(objectname)%00%(*objectname) [9ms]
2026-05-01 20:21:43.166 [info] > git status -z -uall [32ms]
2026-05-01 20:21:48.196 [info] > git config --get commit.template [11ms]
2026-05-01 20:21:48.207 [info] > git for-each-ref --format=%(refname)%00%(upstream:short)%00%(objectname)%00%(upstream:track)%00%(upstream:remotename)%00%(upstream:remoteref) refs/heads/main refs/remotes/main [12ms]
2026-05-01 20:21:48.236 [info] > git for-each-ref --sort -committerdate --format %(refname)%00%(objectname)%00%(*objectname) [9ms]
2026-05-01 20:21:48.253 [info] > git status -z -uall [36ms]
2026-05-01 20:21:53.280 [info] > git config --get commit.template [8ms]
2026-05-01 20:21:53.287 [info] > git for-each-ref --format=%(refname)%00%(upstream:short)%00%(objectname)%00%(upstream:track)%00%(upstream:remotename)%00%(upstream:remoteref) refs/heads/main refs/remotes/main [9ms]
2026-05-01 20:21:53.315 [info] > git for-each-ref --sort -committerdate --format %(refname)%00%(objectname)%00%(*objectname) [9ms]
2026-05-01 20:21:53.332 [info] > git status -z -uall [37ms]
2026-05-01 20:21:58.364 [info] > git config --get commit.template [11ms]
2026-05-01 20:21:58.370 [info] > git for-each-ref --format=%(refname)%00%(upstream:short)%00%(objectname)%00%(upstream:track)%00%(upstream:remotename)%00%(upstream:remoteref) refs/heads/main refs/remotes/main [7ms]
2026-05-01 20:21:58.404 [info] > git for-each-ref --sort -committerdate --format %(refname)%00%(objectname)%00%(*objectname) [17ms]
2026-05-01 20:21:58.420 [info] > git status -z -uall [41ms]
2026-05-01 20:22:03.452 [info] > git config --get commit.template [10ms]
2026-05-01 20:22:03.462 [info] > git for-each-ref --format=%(refname)%00%(upstream:short)%00%(objectname)%00%(upstream:track)%00%(upstream:remotename)%00%(upstream:remoteref) refs/heads/main refs/remotes/main [10ms]
2026-05-01 20:22:03.483 [info] > git for-each-ref --sort -committerdate --format %(refname)%00%(objectname)%00%(*objectname) [7ms]
2026-05-01 20:22:03.520 [info] > git status -z -uall [50ms]
2026-05-01 20:22:08.553 [info] > git config --get commit.template [11ms]
2026-05-01 20:22:08.564 [info] > git for-each-ref --format=%(refname)%00%(upstream:short)%00%(objectname)%00%(upstream:track)%00%(upstream:remotename)%00%(upstream:remoteref) refs/heads/main refs/remotes/main [12ms]
2026-05-01 20:22:08.586 [info] > git for-each-ref --sort -committerdate --format %(refname)%00%(objectname)%00%(*objectname) [8ms]
2026-05-01 20:22:08.643 [info] > git status -z -uall [72ms]
2026-05-01 20:22:13.670 [info] > git config --get commit.template [7ms]
2026-05-01 20:22:13.677 [info] > git for-each-ref --format=%(refname)%00%(upstream:short)%00%(objectname)%00%(upstream:track)%00%(upstream:remotename)%00%(upstream:remoteref) refs/heads/main refs/remotes/main [8ms]
2026-05-01 20:22:13.706 [info] > git for-each-ref --sort -committerdate --format %(refname)%00%(objectname)%00%(*objectname) [12ms]
2026-05-01 20:22:13.721 [info] > git status -z -uall [36ms]
2026-05-01 20:22:18.766 [info] > git config --get commit.template [9ms]
2026-05-01 20:22:18.775 [info] > git for-each-ref --format=%(refname)%00%(upstream:short)%00%(objectname)%00%(upstream:track)%00%(upstream:remotename)%00%(upstream:remoteref) refs/heads/main refs/remotes/main [10ms]
2026-05-01 20:22:18.805 [info] > git for-each-ref --sort -committerdate --format %(refname)%00%(objectname)%00%(*objectname) [14ms]
2026-05-01 20:22:18.829 [info] > git status -z -uall [47ms]
2026-05-01 20:22:23.862 [info] > git config --get commit.template [11ms]
2026-05-01 20:22:23.872 [info] > git for-each-ref --format=%(refname)%00%(upstream:short)%00%(objectname)%00%(upstream:track)%00%(upstream:remotename)%00%(upstream:remoteref) refs/heads/main refs/remotes/main [11ms]
2026-05-01 20:22:23.905 [info] > git for-each-ref --sort -committerdate --format %(refname)%00%(objectname)%00%(*objectname) [12ms]
2026-05-01 20:22:23.962 [info] > git status -z -uall [79ms]
2026-05-01 20:22:28.999 [info] > git config --get commit.template [14ms]
2026-05-01 20:22:29.015 [info] > git for-each-ref --format=%(refname)%00%(upstream:short)%00%(objectname)%00%(upstream:track)%00%(upstream:remotename)%00%(upstream:remoteref) refs/heads/main refs/remotes/main [18ms]
2026-05-01 20:22:29.046 [info] > git for-each-ref --sort -committerdate --format %(refname)%00%(objectname)%00%(*objectname) [10ms]
2026-05-01 20:22:29.061 [info] > git status -z -uall [36ms]
2026-05-01 20:22:34.090 [info] > git config --get commit.template [8ms]
2026-05-01 20:22:34.097 [info] > git for-each-ref --format=%(refname)%00%(upstream:short)%00%(objectname)%00%(upstream:track)%00%(upstream:remotename)%00%(upstream:remoteref) refs/heads/main refs/remotes/main [8ms]
2026-05-01 20:22:34.120 [info] > git for-each-ref --sort -committerdate --format %(refname)%00%(objectname)%00%(*objectname) [7ms]
2026-05-01 20:22:34.140 [info] > git status -z -uall [34ms]
2026-05-01 20:22:39.174 [info] > git config --get commit.template [12ms]
2026-05-01 20:22:39.184 [info] > git for-each-ref --format=%(refname)%00%(upstream:short)%00%(objectname)%00%(upstream:track)%00%(upstream:remotename)%00%(upstream:remoteref) refs/heads/main refs/remotes/main [11ms]
2026-05-01 20:22:39.216 [info] > git for-each-ref --sort -committerdate --format %(refname)%00%(objectname)%00%(*objectname) [15ms]
2026-05-01 20:22:39.242 [info] > git status -z -uall [50ms]
2026-05-01 20:22:44.271 [info] > git config --get commit.template [9ms]
2026-05-01 20:22:44.278 [info] > git for-each-ref --format=%(refname)%00%(upstream:short)%00%(objectname)%00%(upstream:track)%00%(upstream:remotename)%00%(upstream:remoteref) refs/heads/main refs/remotes/main [9ms]
2026-05-01 20:22:44.309 [info] > git for-each-ref --sort -committerdate --format %(refname)%00%(objectname)%00%(*objectname) [12ms]
2026-05-01 20:22:44.326 [info] > git status -z -uall [39ms]
2026-05-01 20:22:49.360 [info] > git config --get commit.template [10ms]
2026-05-01 20:22:49.370 [info] > git for-each-ref --format=%(refname)%00%(upstream:short)%00%(objectname)%00%(upstream:track)%00%(upstream:remotename)%00%(upstream:remoteref) refs/heads/main refs/remotes/main [10ms]
2026-05-01 20:22:49.399 [info] > git for-each-ref --sort -committerdate --format %(refname)%00%(objectname)%00%(*objectname) [10ms]
2026-05-01 20:22:49.425 [info] > git status -z -uall [45ms]
2026-05-01 20:22:54.458 [info] > git config --get commit.template [11ms]
2026-05-01 20:22:54.474 [info] > git for-each-ref --format=%(refname)%00%(upstream:short)%00%(objectname)%00%(upstream:track)%00%(upstream:remotename)%00%(upstream:remoteref) refs/heads/main refs/remotes/main [18ms]
2026-05-01 20:22:54.510 [info] > git for-each-ref --sort -committerdate --format %(refname)%00%(objectname)%00%(*objectname) [16ms]
2026-05-01 20:22:54.572 [info] > git status -z -uall [88ms]
2026-05-01 20:22:57.743 [info] > git check-ignore -v -z --stdin [13ms]
2026-05-01 20:22:59.602 [info] > git config --get commit.template [10ms]
2026-05-01 20:22:59.615 [info] > git for-each-ref --format=%(refname)%00%(upstream:short)%00%(objectname)%00%(upstream:track)%00%(upstream:remotename)%00%(upstream:remoteref) refs/heads/main refs/remotes/main [13ms]
2026-05-01 20:22:59.641 [info] > git for-each-ref --sort -committerdate --format %(refname)%00%(objectname)%00%(*objectname) [9ms]
2026-05-01 20:22:59.657 [info] > git status -z -uall [33ms]
2026-05-01 20:23:04.685 [info] > git config --get commit.template [7ms]
2026-05-01 20:23:04.694 [info] > git for-each-ref --format=%(refname)%00%(upstream:short)%00%(objectname)%00%(upstream:track)%00%(upstream:remotename)%00%(upstream:remoteref) refs/heads/main refs/remotes/main [11ms]
2026-05-01 20:23:04.721 [info] > git for-each-ref --sort -committerdate --format %(refname)%00%(objectname)%00%(*objectname) [10ms]
2026-05-01 20:23:04.739 [info] > git status -z -uall [37ms]
2026-05-01 20:23:09.765 [info] > git config --get commit.template [8ms]
2026-05-01 20:23:09.772 [info] > git for-each-ref --format=%(refname)%00%(upstream:short)%00%(objectname)%00%(upstream:track)%00%(upstream:remotename)%00%(upstream:remoteref) refs/heads/main refs/remotes/main [9ms]
2026-05-01 20:23:09.806 [info] > git for-each-ref --sort -committerdate --format %(refname)%00%(objectname)%00%(*objectname) [13ms]
2026-05-01 20:23:09.831 [info] > git status -z -uall [50ms]
2026-05-01 20:23:18.671 [info] [main] Log level: Info
2026-05-01 20:23:18.671 [info] [main] Validating found git in: "git"
2026-05-01 20:23:18.671 [info] [main] Using git "2.43.7" from "git"
2026-05-01 20:23:18.671 [info] [Model][doInitialScan] Initial repository scan started
2026-05-01 20:23:18.671 [info] > git rev-parse --show-toplevel [114ms]
2026-05-01 20:23:18.730 [info] > git rev-parse --show-toplevel [7ms]
2026-05-01 20:23:18.745 [info] > git rev-parse --show-toplevel [6ms]
2026-05-01 20:23:18.761 [info] > git rev-parse --show-toplevel [7ms]
2026-05-01 20:23:18.775 [info] > git rev-parse --show-toplevel [5ms]
2026-05-01 20:23:18.777 [info] [Model][doInitialScan] Initial repository scan completed - repositories (0), closed repositories (0), parent repositories (1), unsafe repositories (0)
2026-05-01 20:23:19.615 [info] > git rev-parse --show-toplevel [11ms]
2026-05-01 20:23:20.738 [info] > git rev-parse --show-toplevel [136ms]
2026-05-01 20:23:31.017 [info] > git rev-parse --show-toplevel [5ms]
2026-05-01 20:23:31.036 [info] > git rev-parse --git-dir --git-common-dir --show-superproject-working-tree [10ms]
2026-05-01 20:23:31.047 [info] [Model][openRepository] Opened repository (path): /nfs/site/disks/zsc14.xne_irw.085/mdmamunu/GHCP_WW17
2026-05-01 20:23:31.047 [info] [Model][openRepository] Opened repository (real path): /nfs/site/disks/zsc14.xne_irw.085/mdmamunu/GHCP_WW17
2026-05-01 20:23:31.047 [info] [Model][openRepository] Opened repository (kind): repository
2026-05-01 20:23:31.072 [info] > git config --get commit.template [13ms]
2026-05-01 20:23:31.080 [info] > git for-each-ref --format=%(refname)%00%(upstream:short)%00%(objectname)%00%(upstream:track)%00%(upstream:remotename)%00%(upstream:remoteref) refs/heads/main refs/remotes/main [9ms]
2026-05-01 20:23:31.108 [info] > git for-each-ref --sort -committerdate --format %(refname)%00%(objectname)%00%(*objectname) [13ms]
2026-05-01 20:23:31.154 [info] > git status -z -uall [66ms]
2026-05-01 20:23:31.202 [info] > git for-each-ref --format=%(refname)%00%(upstream:short)%00%(objectname)%00%(upstream:track)%00%(upstream:remotename)%00%(upstream:remoteref) refs/heads/main refs/remotes/main [24ms]
2026-05-01 20:23:31.212 [info] > git config --get commit.template [15ms]
2026-05-01 20:23:31.251 [info] > git for-each-ref --format=%(refname)%00%(upstream:short)%00%(objectname)%00%(upstream:track)%00%(upstream:remotename)%00%(upstream:remoteref) refs/heads/main refs/remotes/main [29ms]
2026-05-01 20:23:31.251 [info] > git config --get --local branch.main.vscode-merge-base [40ms]
2026-05-01 20:23:31.251 [warning] [Git][config] git config failed: Failed to execute git
2026-05-01 20:23:31.358 [info] > git reflog main --grep-reflog=branch: Created from *. [97ms]
2026-05-01 20:23:31.385 [info] > git symbolic-ref --short refs/remotes/origin/HEAD [18ms]
2026-05-01 20:23:31.385 [info] fatal: ref refs/remotes/origin/HEAD is not a symbolic ref
2026-05-01 20:23:31.385 [warning] [Repository][getDefaultBranch] Failed to get default branch details: Failed to execute git.
2026-05-01 20:23:31.396 [info] > git for-each-ref --sort -committerdate --format %(refname)%00%(objectname)%00%(*objectname) [12ms]
2026-05-01 20:23:31.409 [info] > git merge-base refs/heads/main refs/remotes/origin/main [14ms]
2026-05-01 20:23:31.424 [info] > git status -z -uall [49ms]
2026-05-01 20:23:31.486 [info] > git diff --raw --numstat --diff-filter=ADMR -z --find-renames=50% 648fbbd60b11c49c7404547b03800e58dc98d9dc...refs/remotes/origin/main -- [67ms]
2026-05-01 20:23:31.490 [info] > git merge-base refs/heads/main refs/remotes/origin/main [45ms]
2026-05-01 20:23:31.511 [info] > git diff --raw --numstat --diff-filter=ADMR -z --find-renames=50% 648fbbd60b11c49c7404547b03800e58dc98d9dc...refs/remotes/origin/main -- [11ms]
2026-05-01 20:23:31.639 [info] > git check-ignore -v -z --stdin [8ms]
2026-05-01 20:23:36.743 [info] > git config --get commit.template [9ms]
2026-05-01 20:23:36.750 [info] > git for-each-ref --format=%(refname)%00%(upstream:short)%00%(objectname)%00%(upstream:track)%00%(upstream:remotename)%00%(upstream:remoteref) refs/heads/main refs/remotes/main [8ms]
2026-05-01 20:23:36.778 [info] > git for-each-ref --sort -committerdate --format %(refname)%00%(objectname)%00%(*objectname) [7ms]
2026-05-01 20:23:36.794 [info] > git status -z -uall [33ms]
2026-05-01 20:23:41.825 [info] > git config --get commit.template [10ms]
2026-05-01 20:23:41.834 [info] > git for-each-ref --format=%(refname)%00%(upstream:short)%00%(objectname)%00%(upstream:track)%00%(upstream:remotename)%00%(upstream:remoteref) refs/heads/main refs/remotes/main [10ms]
2026-05-01 20:23:41.858 [info] > git for-each-ref --sort -committerdate --format %(refname)%00%(objectname)%00%(*objectname) [8ms]
2026-05-01 20:23:41.879 [info] > git status -z -uall [36ms]
2026-05-01 20:23:46.913 [info] > git config --get commit.template [16ms]
2026-05-01 20:23:46.919 [info] > git for-each-ref --format=%(refname)%00%(upstream:short)%00%(objectname)%00%(upstream:track)%00%(upstream:remotename)%00%(upstream:remoteref) refs/heads/main refs/remotes/main [7ms]
2026-05-01 20:23:46.945 [info] > git for-each-ref --sort -committerdate --format %(refname)%00%(objectname)%00%(*objectname) [7ms]
2026-05-01 20:23:46.959 [info] > git status -z -uall [32ms]
2026-05-01 20:23:51.987 [info] > git config --get commit.template [8ms]
2026-05-01 20:23:51.995 [info] > git for-each-ref --format=%(refname)%00%(upstream:short)%00%(objectname)%00%(upstream:track)%00%(upstream:remotename)%00%(upstream:remoteref) refs/heads/main refs/remotes/main [10ms]
2026-05-01 20:23:52.019 [info] > git for-each-ref --sort -committerdate --format %(refname)%00%(objectname)%00%(*objectname) [10ms]
2026-05-01 20:23:52.043 [info] > git status -z -uall [40ms]
2026-05-01 20:23:57.074 [info] > git config --get commit.template [8ms]
2026-05-01 20:23:57.081 [info] > git for-each-ref --format=%(refname)%00%(upstream:short)%00%(objectname)%00%(upstream:track)%00%(upstream:remotename)%00%(upstream:remoteref) refs/heads/main refs/remotes/main [8ms]
2026-05-01 20:23:57.113 [info] > git for-each-ref --sort -committerdate --format %(refname)%00%(objectname)%00%(*objectname) [10ms]
2026-05-01 20:23:57.131 [info] > git status -z -uall [40ms]
2026-05-01 20:24:02.164 [info] > git config --get commit.template [10ms]
2026-05-01 20:24:02.173 [info] > git for-each-ref --format=%(refname)%00%(upstream:short)%00%(objectname)%00%(upstream:track)%00%(upstream:remotename)%00%(upstream:remoteref) refs/heads/main refs/remotes/main [10ms]
2026-05-01 20:24:02.207 [info] > git for-each-ref --sort -committerdate --format %(refname)%00%(objectname)%00%(*objectname) [12ms]
2026-05-01 20:24:02.225 [info] > git status -z -uall [41ms]
2026-05-01 20:24:07.260 [info] > git config --get commit.template [11ms]
2026-05-01 20:24:07.269 [info] > git for-each-ref --format=%(refname)%00%(upstream:short)%00%(objectname)%00%(upstream:track)%00%(upstream:remotename)%00%(upstream:remoteref) refs/heads/main refs/remotes/main [10ms]
2026-05-01 20:24:07.296 [info] > git for-each-ref --sort -committerdate --format %(refname)%00%(objectname)%00%(*objectname) [13ms]
2026-05-01 20:24:07.371 [info] > git status -z -uall [94ms]
2026-05-01 20:24:14.024 [info] > git config --get commit.template [11ms]
2026-05-01 20:24:14.032 [info] > git for-each-ref --format=%(refname)%00%(upstream:short)%00%(objectname)%00%(upstream:track)%00%(upstream:remotename)%00%(upstream:remoteref) refs/heads/main refs/remotes/main [9ms]
2026-05-01 20:24:14.061 [info] > git for-each-ref --sort -committerdate --format %(refname)%00%(objectname)%00%(*objectname) [8ms]
2026-05-01 20:24:14.113 [info] > git status -z -uall [71ms]
2026-05-01 20:24:19.141 [info] > git config --get commit.template [9ms]
2026-05-01 20:24:19.150 [info] > git for-each-ref --format=%(refname)%00%(upstream:short)%00%(objectname)%00%(upstream:track)%00%(upstream:remotename)%00%(upstream:remoteref) refs/heads/main refs/remotes/main [11ms]
2026-05-01 20:24:19.182 [info] > git for-each-ref --sort -committerdate --format %(refname)%00%(objectname)%00%(*objectname) [12ms]
2026-05-01 20:24:19.225 [info] > git status -z -uall [65ms]
2026-05-01 20:24:24.250 [info] > git config --get commit.template [7ms]
2026-05-01 20:24:24.257 [info] > git for-each-ref --format=%(refname)%00%(upstream:short)%00%(objectname)%00%(upstream:track)%00%(upstream:remotename)%00%(upstream:remoteref) refs/heads/main refs/remotes/main [8ms]
2026-05-01 20:24:24.279 [info] > git for-each-ref --sort -committerdate --format %(refname)%00%(objectname)%00%(*objectname) [6ms]
2026-05-01 20:24:24.305 [info] > git status -z -uall [40ms]
2026-05-01 20:24:29.332 [info] > git config --get commit.template [8ms]
2026-05-01 20:24:29.337 [info] > git for-each-ref --format=%(refname)%00%(upstream:short)%00%(objectname)%00%(upstream:track)%00%(upstream:remotename)%00%(upstream:remoteref) refs/heads/main refs/remotes/main [7ms]
2026-05-01 20:24:29.355 [info] > git for-each-ref --sort -committerdate --format %(refname)%00%(objectname)%00%(*objectname) [6ms]
2026-05-01 20:24:29.381 [info] > git status -z -uall [38ms]
2026-05-01 20:24:34.412 [info] > git config --get commit.template [11ms]
2026-05-01 20:24:34.421 [info] > git for-each-ref --format=%(refname)%00%(upstream:short)%00%(objectname)%00%(upstream:track)%00%(upstream:remotename)%00%(upstream:remoteref) refs/heads/main refs/remotes/main [13ms]
2026-05-01 20:24:34.438 [info] > git for-each-ref --sort -committerdate --format %(refname)%00%(objectname)%00%(*objectname) [5ms]
2026-05-01 20:24:34.469 [info] > git status -z -uall [42ms]
2026-05-01 20:24:39.496 [info] > git config --get commit.template [9ms]
2026-05-01 20:24:39.503 [info] > git for-each-ref --format=%(refname)%00%(upstream:short)%00%(objectname)%00%(upstream:track)%00%(upstream:remotename)%00%(upstream:remoteref) refs/heads/main refs/remotes/main [8ms]
2026-05-01 20:24:39.524 [info] > git for-each-ref --sort -committerdate --format %(refname)%00%(objectname)%00%(*objectname) [6ms]
2026-05-01 20:24:39.541 [info] > git status -z -uall [29ms]
2026-05-01 20:24:44.569 [info] > git config --get commit.template [9ms]
2026-05-01 20:24:44.576 [info] > git for-each-ref --format=%(refname)%00%(upstream:short)%00%(objectname)%00%(upstream:track)%00%(upstream:remotename)%00%(upstream:remoteref) refs/heads/main refs/remotes/main [7ms]
2026-05-01 20:24:44.596 [info] > git for-each-ref --sort -committerdate --format %(refname)%00%(objectname)%00%(*objectname) [5ms]
2026-05-01 20:24:44.645 [info] > git status -z -uall [61ms]
2026-05-01 20:24:49.668 [info] > git config --get commit.template [8ms]
2026-05-01 20:24:49.673 [info] > git for-each-ref --format=%(refname)%00%(upstream:short)%00%(objectname)%00%(upstream:track)%00%(upstream:remotename)%00%(upstream:remoteref) refs/heads/main refs/remotes/main [6ms]
2026-05-01 20:24:49.691 [info] > git for-each-ref --sort -committerdate --format %(refname)%00%(objectname)%00%(*objectname) [6ms]
2026-05-01 20:24:49.713 [info] > git status -z -uall [34ms]
2026-05-01 20:24:54.743 [info] > git config --get commit.template [10ms]
2026-05-01 20:24:54.749 [info] > git for-each-ref --format=%(refname)%00%(upstream:short)%00%(objectname)%00%(upstream:track)%00%(upstream:remotename)%00%(upstream:remoteref) refs/heads/main refs/remotes/main [6ms]
2026-05-01 20:24:54.768 [info] > git for-each-ref --sort -committerdate --format %(refname)%00%(objectname)%00%(*objectname) [7ms]
2026-05-01 20:24:54.792 [info] > git status -z -uall [37ms]
2026-05-01 20:24:59.823 [info] > git config --get commit.template [11ms]
2026-05-01 20:24:59.830 [info] > git for-each-ref --format=%(refname)%00%(upstream:short)%00%(objectname)%00%(upstream:track)%00%(upstream:remotename)%00%(upstream:remoteref) refs/heads/main refs/remotes/main [9ms]
2026-05-01 20:24:59.848 [info] > git for-each-ref --sort -committerdate --format %(refname)%00%(objectname)%00%(*objectname) [6ms]
2026-05-01 20:24:59.878 [info] > git status -z -uall [42ms]
2026-05-01 20:25:04.910 [info] > git config --get commit.template [11ms]
2026-05-01 20:25:04.918 [info] > git for-each-ref --format=%(refname)%00%(upstream:short)%00%(objectname)%00%(upstream:track)%00%(upstream:remotename)%00%(upstream:remoteref) refs/heads/main refs/remotes/main [8ms]
2026-05-01 20:25:04.943 [info] > git for-each-ref --sort -committerdate --format %(refname)%00%(objectname)%00%(*objectname) [6ms]
2026-05-01 20:25:04.959 [info] > git status -z -uall [32ms]
2026-05-01 20:25:09.986 [info] > git config --get commit.template [9ms]
2026-05-01 20:25:09.991 [info] > git for-each-ref --format=%(refname)%00%(upstream:short)%00%(objectname)%00%(upstream:track)%00%(upstream:remotename)%00%(upstream:remoteref) refs/heads/main refs/remotes/main [6ms]
2026-05-01 20:25:10.020 [info] > git for-each-ref --sort -committerdate --format %(refname)%00%(objectname)%00%(*objectname) [10ms]
2026-05-01 20:25:10.046 [info] > git status -z -uall [44ms]
2026-05-01 20:25:15.072 [info] > git config --get commit.template [8ms]
2026-05-01 20:25:15.082 [info] > git for-each-ref --format=%(refname)%00%(upstream:short)%00%(objectname)%00%(upstream:track)%00%(upstream:remotename)%00%(upstream:remoteref) refs/heads/main refs/remotes/main [10ms]
2026-05-01 20:25:15.110 [info] > git for-each-ref --sort -committerdate --format %(refname)%00%(objectname)%00%(*objectname) [11ms]
2026-05-01 20:25:15.129 [info] > git status -z -uall [37ms]
2026-05-01 20:25:20.155 [info] > git config --get commit.template [7ms]
2026-05-01 20:25:20.166 [info] > git for-each-ref --format=%(refname)%00%(upstream:short)%00%(objectname)%00%(upstream:track)%00%(upstream:remotename)%00%(upstream:remoteref) refs/heads/main refs/remotes/main [10ms]
2026-05-01 20:25:20.189 [info] > git for-each-ref --sort -committerdate --format %(refname)%00%(objectname)%00%(*objectname) [8ms]
2026-05-01 20:25:20.229 [info] > git status -z -uall [57ms]
2026-05-01 20:25:25.254 [info] > git config --get commit.template [9ms]
2026-05-01 20:25:25.264 [info] > git for-each-ref --format=%(refname)%00%(upstream:short)%00%(objectname)%00%(upstream:track)%00%(upstream:remotename)%00%(upstream:remoteref) refs/heads/main refs/remotes/main [10ms]
2026-05-01 20:25:25.293 [info] > git for-each-ref --sort -committerdate --format %(refname)%00%(objectname)%00%(*objectname) [9ms]
2026-05-01 20:25:25.326 [info] > git status -z -uall [52ms]
2026-05-01 20:25:30.351 [info] > git config --get commit.template [8ms]
2026-05-01 20:25:30.358 [info] > git for-each-ref --format=%(refname)%00%(upstream:short)%00%(objectname)%00%(upstream:track)%00%(upstream:remotename)%00%(upstream:remoteref) refs/heads/main refs/remotes/main [9ms]
2026-05-01 20:25:30.383 [info] > git for-each-ref --sort -committerdate --format %(refname)%00%(objectname)%00%(*objectname) [9ms]
2026-05-01 20:25:30.401 [info] > git status -z -uall [35ms]
