2026-05-01 20:20:51.623 [info] [aebc6443-996d-45c2-90f0-388ff96faa56] Native Broker enabled: false
2026-05-01 20:20:51.711 [info] [getSessions] [all] starting
2026-05-01 20:20:51.711 [info] [getSessions] [all] returned 0 session(s)
2026-05-01 20:20:51.711 [info] [getSessions] [all] starting
2026-05-01 20:20:51.711 [info] [getSessions] [all] returned 0 session(s)
2026-05-01 20:20:51.711 [info] [getSessions] [all] starting
2026-05-01 20:20:51.711 [info] [getSessions] [all] returned 0 session(s)
2026-05-01 20:20:51.717 [info] [getSessions] [499b84ac-1321-427f-aa17-267ca6975798/.default offline_access] starting
2026-05-01 20:20:51.717 [info] [aebc6443-996d-45c2-90f0-388ff96faa56] Native Broker enabled: false
2026-05-01 20:20:51.877 [info] [getSessions] [499b84ac-1321-427f-aa17-267ca6975798/.default offline_access] returned 0 session(s)
2026-05-01 20:20:52.383 [info] [getSessions] [499b84ac-1321-427f-aa17-267ca6975798/.default offline_access] starting
2026-05-01 20:20:52.383 [info] [getSessions] [499b84ac-1321-427f-aa17-267ca6975798/.default offline_access] returned 0 session(s)
2026-05-01 20:23:14.526 [info] Microsoft Authentication is deactivating...
2026-05-01 20:23:18.712 [info] [aebc6443-996d-45c2-90f0-388ff96faa56] Native Broker enabled: false
2026-05-01 20:23:18.809 [info] [getSessions] [all] starting
2026-05-01 20:23:18.809 [info] [getSessions] [all] returned 0 session(s)
2026-05-01 20:23:18.809 [info] [getSessions] [all] starting
2026-05-01 20:23:18.809 [info] [getSessions] [all] returned 0 session(s)
2026-05-01 20:23:18.809 [info] [getSessions] [all] starting
2026-05-01 20:23:18.809 [info] [getSessions] [all] returned 0 session(s)
2026-05-01 20:23:18.827 [info] [getSessions] [499b84ac-1321-427f-aa17-267ca6975798/.default offline_access] starting
2026-05-01 20:23:18.827 [info] [aebc6443-996d-45c2-90f0-388ff96faa56] Native Broker enabled: false
2026-05-01 20:23:18.926 [info] [getSessions] [499b84ac-1321-427f-aa17-267ca6975798/.default offline_access] returned 0 session(s)
2026-05-01 20:23:19.543 [info] [getSessions] [499b84ac-1321-427f-aa17-267ca6975798/.default offline_access] starting
2026-05-01 20:23:19.543 [info] [getSessions] [499b84ac-1321-427f-aa17-267ca6975798/.default offline_access] returned 0 session(s)
2026-05-01 20:23:20.589 [info] [getSessions] [all] starting
2026-05-01 20:23:20.589 [info] [getSessions] [all] returned 0 session(s)
2026-05-01 20:25:33.386 [info] Microsoft Authentication is deactivating...
