2026-05-01 20:29:56.228 [info] [main] Log level: Info
2026-05-01 20:29:56.228 [info] [main] Validating found git in: "git"
2026-05-01 20:29:56.228 [info] [main] Using git "2.43.7" from "git"
2026-05-01 20:29:56.228 [info] [Model][doInitialScan] Initial repository scan started
2026-05-01 20:29:56.228 [info] > git rev-parse --show-toplevel [110ms]
2026-05-01 20:29:56.228 [info] > git rev-parse --git-dir --git-common-dir --show-superproject-working-tree [72ms]
2026-05-01 20:29:56.333 [info] [Model][openRepository] Opened repository (path): /nfs/site/disks/zsc14.xne_irw.085/mdmamunu/GHCP_WW17
2026-05-01 20:29:56.333 [info] [Model][openRepository] Opened repository (real path): /nfs/site/disks/zsc14.xne_irw.085/mdmamunu/GHCP_WW17
2026-05-01 20:29:56.333 [info] [Model][openRepository] Opened repository (kind): repository
2026-05-01 20:29:56.407 [info] > git config --get commit.template [62ms]
2026-05-01 20:29:56.465 [info] > git for-each-ref --format=%(refname)%00%(upstream:short)%00%(objectname)%00%(upstream:track)%00%(upstream:remotename)%00%(upstream:remoteref) refs/heads/main refs/remotes/main [20ms]
2026-05-01 20:29:56.507 [info] > git for-each-ref --sort -committerdate --format %(refname)%00%(objectname)%00%(*objectname) [14ms]
2026-05-01 20:29:56.508 [info] > git rev-parse --show-toplevel [44ms]
2026-05-01 20:29:56.526 [info] > git rev-parse --show-toplevel [8ms]
2026-05-01 20:29:56.542 [info] > git rev-parse --show-toplevel [5ms]
2026-05-01 20:29:56.557 [info] > git rev-parse --show-toplevel [5ms]
2026-05-01 20:29:56.573 [info] > git rev-parse --show-toplevel [8ms]
2026-05-01 20:29:56.594 [info] > git status -z -uall [113ms]
2026-05-01 20:29:56.634 [info] > git rev-parse --show-toplevel [52ms]
2026-05-01 20:29:56.677 [info] > git rev-parse --show-toplevel [10ms]
2026-05-01 20:29:56.678 [info] > git config --get commit.template [21ms]
2026-05-01 20:29:56.678 [info] > git for-each-ref --format=%(refname)%00%(upstream:short)%00%(objectname)%00%(upstream:track)%00%(upstream:remotename)%00%(upstream:remoteref) refs/heads/main refs/remotes/main [45ms]
2026-05-01 20:29:56.904 [info] > git config --get --local branch.main.vscode-merge-base [216ms]
2026-05-01 20:29:56.904 [warning] [Git][config] git config failed: Failed to execute git
2026-05-01 20:29:57.086 [info] > git reflog main --grep-reflog=branch: Created from *. [171ms]
2026-05-01 20:29:57.094 [info] > git rev-parse --show-toplevel [192ms]
2026-05-01 20:29:57.125 [info] > git check-ignore -v -z --stdin [20ms]
2026-05-01 20:29:57.126 [info] > git symbolic-ref --short refs/remotes/origin/HEAD [32ms]
2026-05-01 20:29:57.126 [info] fatal: ref refs/remotes/origin/HEAD is not a symbolic ref
2026-05-01 20:29:57.126 [warning] [Repository][getDefaultBranch] Failed to get default branch details: Failed to execute git.
2026-05-01 20:29:57.138 [info] > git for-each-ref --format=%(refname)%00%(upstream:short)%00%(objectname)%00%(upstream:track)%00%(upstream:remotename)%00%(upstream:remoteref) refs/heads/main refs/remotes/main [89ms]
2026-05-01 20:29:57.308 [info] > git merge-base refs/heads/main refs/remotes/origin/main [170ms]
2026-05-01 20:29:57.318 [info] > git rev-parse --show-toplevel [194ms]
2026-05-01 20:29:57.406 [info] > git diff --raw --numstat --diff-filter=ADMR -z --find-renames=50% 648fbbd60b11c49c7404547b03800e58dc98d9dc...refs/remotes/origin/main -- [88ms]
2026-05-01 20:29:57.433 [info] > git rev-parse --show-toplevel [31ms]
2026-05-01 20:29:57.810 [info] > git status -z -uall [390ms]
2026-05-01 20:29:57.811 [info] > git rev-parse --show-toplevel [310ms]
2026-05-01 20:29:57.814 [info] > git for-each-ref --sort -committerdate --format %(refname)%00%(objectname)%00%(*objectname) [383ms]
2026-05-01 20:29:57.870 [info] > git rev-parse --show-toplevel [18ms]
2026-05-01 20:29:57.892 [info] > git rev-parse --show-toplevel [15ms]
2026-05-01 20:29:58.058 [info] > git rev-parse --show-toplevel [156ms]
2026-05-01 20:29:58.059 [info] [Model][doInitialScan] Initial repository scan completed - repositories (1), closed repositories (0), parent repositories (0), unsafe repositories (0)
2026-05-01 20:29:58.123 [info] > git config --get commit.template [10ms]
2026-05-01 20:29:58.145 [info] > git for-each-ref --format=%(refname)%00%(upstream:short)%00%(objectname)%00%(upstream:track)%00%(upstream:remotename)%00%(upstream:remoteref) refs/heads/main refs/remotes/main [10ms]
2026-05-01 20:29:58.545 [info] > git for-each-ref --sort -committerdate --format %(refname)%00%(objectname)%00%(*objectname) [15ms]
2026-05-01 20:29:58.570 [info] > git status -z -uall [51ms]
2026-05-01 20:30:05.234 [info] > git config --get commit.template [11ms]
2026-05-01 20:30:05.241 [info] > git for-each-ref --format=%(refname)%00%(upstream:short)%00%(objectname)%00%(upstream:track)%00%(upstream:remotename)%00%(upstream:remoteref) refs/heads/main refs/remotes/main [8ms]
2026-05-01 20:30:05.274 [info] > git for-each-ref --sort -committerdate --format %(refname)%00%(objectname)%00%(*objectname) [9ms]
2026-05-01 20:30:05.341 [info] > git status -z -uall [87ms]
2026-05-01 20:30:10.376 [info] > git config --get commit.template [11ms]
2026-05-01 20:30:10.383 [info] > git for-each-ref --format=%(refname)%00%(upstream:short)%00%(objectname)%00%(upstream:track)%00%(upstream:remotename)%00%(upstream:remoteref) refs/heads/main refs/remotes/main [8ms]
2026-05-01 20:30:10.412 [info] > git for-each-ref --sort -committerdate --format %(refname)%00%(objectname)%00%(*objectname) [9ms]
2026-05-01 20:30:10.472 [info] > git status -z -uall [78ms]
2026-05-01 20:30:15.513 [info] > git config --get commit.template [9ms]
2026-05-01 20:30:15.533 [info] > git for-each-ref --format=%(refname)%00%(upstream:short)%00%(objectname)%00%(upstream:track)%00%(upstream:remotename)%00%(upstream:remoteref) refs/heads/main refs/remotes/main [20ms]
2026-05-01 20:30:15.567 [info] > git for-each-ref --sort -committerdate --format %(refname)%00%(objectname)%00%(*objectname) [15ms]
2026-05-01 20:30:15.742 [info] > git status -z -uall [198ms]
2026-05-01 20:30:20.778 [info] > git config --get commit.template [8ms]
2026-05-01 20:30:20.785 [info] > git for-each-ref --format=%(refname)%00%(upstream:short)%00%(objectname)%00%(upstream:track)%00%(upstream:remotename)%00%(upstream:remoteref) refs/heads/main refs/remotes/main [8ms]
2026-05-01 20:30:20.809 [info] > git for-each-ref --sort -committerdate --format %(refname)%00%(objectname)%00%(*objectname) [9ms]
2026-05-01 20:30:20.890 [info] > git status -z -uall [97ms]
2026-05-01 20:30:25.927 [info] > git config --get commit.template [12ms]
2026-05-01 20:30:25.937 [info] > git for-each-ref --format=%(refname)%00%(upstream:short)%00%(objectname)%00%(upstream:track)%00%(upstream:remotename)%00%(upstream:remoteref) refs/heads/main refs/remotes/main [11ms]
2026-05-01 20:30:25.972 [info] > git for-each-ref --sort -committerdate --format %(refname)%00%(objectname)%00%(*objectname) [11ms]
2026-05-01 20:30:26.084 [info] > git status -z -uall [137ms]
2026-05-01 20:30:31.120 [info] > git config --get commit.template [11ms]
2026-05-01 20:30:31.129 [info] > git for-each-ref --format=%(refname)%00%(upstream:short)%00%(objectname)%00%(upstream:track)%00%(upstream:remotename)%00%(upstream:remoteref) refs/heads/main refs/remotes/main [10ms]
2026-05-01 20:30:31.155 [info] > git for-each-ref --sort -committerdate --format %(refname)%00%(objectname)%00%(*objectname) [8ms]
2026-05-01 20:30:31.192 [info] > git status -z -uall [53ms]
2026-05-01 20:30:36.228 [info] > git config --get commit.template [10ms]
2026-05-01 20:30:36.239 [info] > git for-each-ref --format=%(refname)%00%(upstream:short)%00%(objectname)%00%(upstream:track)%00%(upstream:remotename)%00%(upstream:remoteref) refs/heads/main refs/remotes/main [11ms]
2026-05-01 20:30:36.270 [info] > git for-each-ref --sort -committerdate --format %(refname)%00%(objectname)%00%(*objectname) [9ms]
2026-05-01 20:30:36.314 [info] > git status -z -uall [65ms]
2026-05-01 20:30:37.048 [info] > git check-ignore -v -z --stdin [12ms]
2026-05-01 20:30:39.168 [info] > git check-ignore -v -z --stdin [10ms]
2026-05-01 20:30:40.633 [info] > git check-ignore -v -z --stdin [10ms]
2026-05-01 20:30:41.346 [info] > git config --get commit.template [10ms]
2026-05-01 20:30:41.354 [info] > git for-each-ref --format=%(refname)%00%(upstream:short)%00%(objectname)%00%(upstream:track)%00%(upstream:remotename)%00%(upstream:remoteref) refs/heads/main refs/remotes/main [10ms]
2026-05-01 20:30:41.380 [info] > git for-each-ref --sort -committerdate --format %(refname)%00%(objectname)%00%(*objectname) [11ms]
2026-05-01 20:30:41.425 [info] > git check-ignore -v -z --stdin [14ms]
2026-05-01 20:30:41.464 [info] > git status -z -uall [102ms]
2026-05-01 20:30:46.500 [info] > git config --get commit.template [11ms]
2026-05-01 20:30:46.510 [info] > git for-each-ref --format=%(refname)%00%(upstream:short)%00%(objectname)%00%(upstream:track)%00%(upstream:remotename)%00%(upstream:remoteref) refs/heads/main refs/remotes/main [10ms]
2026-05-01 20:30:46.541 [info] > git for-each-ref --sort -committerdate --format %(refname)%00%(objectname)%00%(*objectname) [11ms]
2026-05-01 20:30:46.601 [info] > git status -z -uall [80ms]
2026-05-01 20:30:51.634 [info] > git config --get commit.template [11ms]
2026-05-01 20:30:51.641 [info] > git for-each-ref --format=%(refname)%00%(upstream:short)%00%(objectname)%00%(upstream:track)%00%(upstream:remotename)%00%(upstream:remoteref) refs/heads/main refs/remotes/main [8ms]
2026-05-01 20:30:51.662 [info] > git for-each-ref --sort -committerdate --format %(refname)%00%(objectname)%00%(*objectname) [8ms]
2026-05-01 20:30:51.701 [info] > git status -z -uall [53ms]
2026-05-01 20:30:56.737 [info] > git config --get commit.template [11ms]
2026-05-01 20:30:56.745 [info] > git for-each-ref --format=%(refname)%00%(upstream:short)%00%(objectname)%00%(upstream:track)%00%(upstream:remotename)%00%(upstream:remoteref) refs/heads/main refs/remotes/main [9ms]
2026-05-01 20:30:56.767 [info] > git for-each-ref --sort -committerdate --format %(refname)%00%(objectname)%00%(*objectname) [7ms]
2026-05-01 20:30:56.842 [info] > git status -z -uall [90ms]
2026-05-01 20:31:01.873 [info] > git config --get commit.template [8ms]
2026-05-01 20:31:01.880 [info] > git for-each-ref --format=%(refname)%00%(upstream:short)%00%(objectname)%00%(upstream:track)%00%(upstream:remotename)%00%(upstream:remoteref) refs/heads/main refs/remotes/main [7ms]
2026-05-01 20:31:01.905 [info] > git for-each-ref --sort -committerdate --format %(refname)%00%(objectname)%00%(*objectname) [12ms]
2026-05-01 20:31:01.971 [info] > git status -z -uall [84ms]
2026-05-01 20:31:45.826 [info] > git config --get commit.template [11ms]
2026-05-01 20:31:45.847 [info] > git for-each-ref --format=%(refname)%00%(upstream:short)%00%(objectname)%00%(upstream:track)%00%(upstream:remotename)%00%(upstream:remoteref) refs/heads/main refs/remotes/main [22ms]
2026-05-01 20:31:45.883 [info] > git for-each-ref --sort -committerdate --format %(refname)%00%(objectname)%00%(*objectname) [19ms]
2026-05-01 20:31:46.248 [info] > git status -z -uall [392ms]
2026-05-01 20:31:51.279 [info] > git config --get commit.template [8ms]
2026-05-01 20:31:51.287 [info] > git for-each-ref --format=%(refname)%00%(upstream:short)%00%(objectname)%00%(upstream:track)%00%(upstream:remotename)%00%(upstream:remoteref) refs/heads/main refs/remotes/main [9ms]
2026-05-01 20:31:51.321 [info] > git for-each-ref --sort -committerdate --format %(refname)%00%(objectname)%00%(*objectname) [17ms]
2026-05-01 20:31:51.521 [info] > git status -z -uall [227ms]
2026-05-01 20:31:56.551 [info] > git config --get commit.template [8ms]
2026-05-01 20:31:56.559 [info] > git for-each-ref --format=%(refname)%00%(upstream:short)%00%(objectname)%00%(upstream:track)%00%(upstream:remotename)%00%(upstream:remoteref) refs/heads/main refs/remotes/main [10ms]
2026-05-01 20:31:56.586 [info] > git for-each-ref --sort -committerdate --format %(refname)%00%(objectname)%00%(*objectname) [9ms]
2026-05-01 20:31:56.683 [info] > git status -z -uall [114ms]
2026-05-01 20:32:01.715 [info] > git config --get commit.template [11ms]
2026-05-01 20:32:01.729 [info] > git for-each-ref --format=%(refname)%00%(upstream:short)%00%(objectname)%00%(upstream:track)%00%(upstream:remotename)%00%(upstream:remoteref) refs/heads/main refs/remotes/main [16ms]
2026-05-01 20:32:01.762 [info] > git for-each-ref --sort -committerdate --format %(refname)%00%(objectname)%00%(*objectname) [16ms]
2026-05-01 20:32:01.858 [info] > git status -z -uall [120ms]
2026-05-01 20:32:06.890 [info] > git config --get commit.template [11ms]
2026-05-01 20:32:06.900 [info] > git for-each-ref --format=%(refname)%00%(upstream:short)%00%(objectname)%00%(upstream:track)%00%(upstream:remotename)%00%(upstream:remoteref) refs/heads/main refs/remotes/main [11ms]
2026-05-01 20:32:06.931 [info] > git for-each-ref --sort -committerdate --format %(refname)%00%(objectname)%00%(*objectname) [12ms]
2026-05-01 20:32:07.113 [info] > git status -z -uall [204ms]
2026-05-01 20:32:12.146 [info] > git config --get commit.template [11ms]
2026-05-01 20:32:12.154 [info] > git for-each-ref --format=%(refname)%00%(upstream:short)%00%(objectname)%00%(upstream:track)%00%(upstream:remotename)%00%(upstream:remoteref) refs/heads/main refs/remotes/main [9ms]
2026-05-01 20:32:12.185 [info] > git for-each-ref --sort -committerdate --format %(refname)%00%(objectname)%00%(*objectname) [11ms]
2026-05-01 20:32:12.280 [info] > git status -z -uall [116ms]
2026-05-01 20:32:17.317 [info] > git config --get commit.template [11ms]
2026-05-01 20:32:17.329 [info] > git for-each-ref --format=%(refname)%00%(upstream:short)%00%(objectname)%00%(upstream:track)%00%(upstream:remotename)%00%(upstream:remoteref) refs/heads/main refs/remotes/main [14ms]
2026-05-01 20:32:17.359 [info] > git for-each-ref --sort -committerdate --format %(refname)%00%(objectname)%00%(*objectname) [12ms]
2026-05-01 20:32:17.494 [info] > git status -z -uall [154ms]
2026-05-01 20:32:22.534 [info] > git config --get commit.template [13ms]
2026-05-01 20:32:22.541 [info] > git for-each-ref --format=%(refname)%00%(upstream:short)%00%(objectname)%00%(upstream:track)%00%(upstream:remotename)%00%(upstream:remoteref) refs/heads/main refs/remotes/main [8ms]
2026-05-01 20:32:22.569 [info] > git for-each-ref --sort -committerdate --format %(refname)%00%(objectname)%00%(*objectname) [8ms]
2026-05-01 20:32:22.606 [info] > git status -z -uall [54ms]
2026-05-01 20:32:27.643 [info] > git config --get commit.template [13ms]
2026-05-01 20:32:27.654 [info] > git for-each-ref --format=%(refname)%00%(upstream:short)%00%(objectname)%00%(upstream:track)%00%(upstream:remotename)%00%(upstream:remoteref) refs/heads/main refs/remotes/main [12ms]
2026-05-01 20:32:27.684 [info] > git for-each-ref --sort -committerdate --format %(refname)%00%(objectname)%00%(*objectname) [12ms]
2026-05-01 20:32:27.767 [info] > git status -z -uall [103ms]
2026-05-01 20:32:33.018 [info] > git config --get commit.template [21ms]
2026-05-01 20:32:33.097 [info] > git for-each-ref --format=%(refname)%00%(upstream:short)%00%(objectname)%00%(upstream:track)%00%(upstream:remotename)%00%(upstream:remoteref) refs/heads/main refs/remotes/main [81ms]
2026-05-01 20:32:33.205 [info] > git for-each-ref --sort -committerdate --format %(refname)%00%(objectname)%00%(*objectname) [83ms]
2026-05-01 20:32:33.412 [info] > git status -z -uall [302ms]
2026-05-01 20:32:38.448 [info] > git config --get commit.template [12ms]
2026-05-01 20:32:38.502 [info] > git for-each-ref --format=%(refname)%00%(upstream:short)%00%(objectname)%00%(upstream:track)%00%(upstream:remotename)%00%(upstream:remoteref) refs/heads/main refs/remotes/main [55ms]
2026-05-01 20:32:38.533 [info] > git for-each-ref --sort -committerdate --format %(refname)%00%(objectname)%00%(*objectname) [8ms]
2026-05-01 20:32:38.615 [info] > git status -z -uall [101ms]
2026-05-01 20:32:43.711 [info] > git config --get commit.template [71ms]
2026-05-01 20:32:43.719 [info] > git for-each-ref --format=%(refname)%00%(upstream:short)%00%(objectname)%00%(upstream:track)%00%(upstream:remotename)%00%(upstream:remoteref) refs/heads/main refs/remotes/main [10ms]
2026-05-01 20:32:43.819 [info] > git for-each-ref --sort -committerdate --format %(refname)%00%(objectname)%00%(*objectname) [18ms]
2026-05-01 20:32:44.024 [info] > git status -z -uall [293ms]
2026-05-01 20:32:49.061 [info] > git config --get commit.template [13ms]
2026-05-01 20:32:49.077 [info] > git for-each-ref --format=%(refname)%00%(upstream:short)%00%(objectname)%00%(upstream:track)%00%(upstream:remotename)%00%(upstream:remoteref) refs/heads/main refs/remotes/main [16ms]
2026-05-01 20:32:49.116 [info] > git for-each-ref --sort -committerdate --format %(refname)%00%(objectname)%00%(*objectname) [12ms]
2026-05-01 20:32:49.155 [info] > git status -z -uall [67ms]
2026-05-01 20:32:57.359 [info] > git config --get commit.template [12ms]
2026-05-01 20:32:57.369 [info] > git for-each-ref --format=%(refname)%00%(upstream:short)%00%(objectname)%00%(upstream:track)%00%(upstream:remotename)%00%(upstream:remoteref) refs/heads/main refs/remotes/main [11ms]
2026-05-01 20:32:57.402 [info] > git for-each-ref --sort -committerdate --format %(refname)%00%(objectname)%00%(*objectname) [13ms]
2026-05-01 20:32:57.622 [info] > git status -z -uall [242ms]
2026-05-01 20:33:02.659 [info] > git config --get commit.template [13ms]
2026-05-01 20:33:02.686 [info] > git for-each-ref --format=%(refname)%00%(upstream:short)%00%(objectname)%00%(upstream:track)%00%(upstream:remotename)%00%(upstream:remoteref) refs/heads/main refs/remotes/main [28ms]
2026-05-01 20:33:02.725 [info] > git for-each-ref --sort -committerdate --format %(refname)%00%(objectname)%00%(*objectname) [13ms]
2026-05-01 20:33:02.913 [info] > git status -z -uall [211ms]
2026-05-01 20:33:07.949 [info] > git config --get commit.template [13ms]
2026-05-01 20:33:07.957 [info] > git for-each-ref --format=%(refname)%00%(upstream:short)%00%(objectname)%00%(upstream:track)%00%(upstream:remotename)%00%(upstream:remoteref) refs/heads/main refs/remotes/main [9ms]
2026-05-01 20:33:07.989 [info] > git for-each-ref --sort -committerdate --format %(refname)%00%(objectname)%00%(*objectname) [8ms]
2026-05-01 20:33:08.054 [info] > git status -z -uall [84ms]
2026-05-01 20:33:13.090 [info] > git config --get commit.template [15ms]
2026-05-01 20:33:13.117 [info] > git for-each-ref --format=%(refname)%00%(upstream:short)%00%(objectname)%00%(upstream:track)%00%(upstream:remotename)%00%(upstream:remoteref) refs/heads/main refs/remotes/main [35ms]
2026-05-01 20:33:13.155 [info] > git for-each-ref --sort -committerdate --format %(refname)%00%(objectname)%00%(*objectname) [16ms]
2026-05-01 20:33:13.395 [info] > git status -z -uall [267ms]
2026-05-01 20:33:18.429 [info] > git config --get commit.template [11ms]
2026-05-01 20:33:18.440 [info] > git for-each-ref --format=%(refname)%00%(upstream:short)%00%(objectname)%00%(upstream:track)%00%(upstream:remotename)%00%(upstream:remoteref) refs/heads/main refs/remotes/main [12ms]
2026-05-01 20:33:18.473 [info] > git for-each-ref --sort -committerdate --format %(refname)%00%(objectname)%00%(*objectname) [9ms]
2026-05-01 20:33:18.522 [info] > git status -z -uall [70ms]
2026-05-01 20:33:20.636 [info] > git merge-base HEAD @{upstream} [14ms]
2026-05-01 20:33:20.656 [info] > git config --get --local core.virtualfilesystem [8ms]
2026-05-01 20:33:20.657 [warning] [Git][config] git config failed: Failed to execute git
2026-05-01 20:33:20.673 [info] > git config --get --local core.sparsecheckout [4ms]
2026-05-01 20:33:20.673 [warning] [Git][config] git config failed: Failed to execute git
2026-05-01 20:33:20.705 [info] > git show -s --decorate=full --shortstat --format=%H%n%aN%n%aE%n%at%n%ct%n%P%n%D%n%B -z 648fbbd60b11c49c7404547b03800e58dc98d9dc -- [19ms]
2026-05-01 20:33:20.729 [info] > git log --format=%H%n%aN%n%aE%n%at%n%ct%n%P%n%D%n%B -z 648fbbd60b11c49c7404547b03800e58dc98d9dc..HEAD [13ms]
2026-05-01 20:33:23.945 [info] > git diff --name-status -z --diff-filter=ADMR 648fbbd60b11c49c7404547b03800e58dc98d9dc -- [82ms]
2026-05-01 20:33:23.962 [info] > git config --get commit.template [17ms]
2026-05-01 20:33:23.973 [info] > git for-each-ref --format=%(refname)%00%(upstream:short)%00%(objectname)%00%(upstream:track)%00%(upstream:remotename)%00%(upstream:remoteref) refs/heads/main refs/remotes/main [13ms]
2026-05-01 20:33:24.007 [info] > git for-each-ref --sort -committerdate --format %(refname)%00%(objectname)%00%(*objectname) [9ms]
2026-05-01 20:33:24.082 [info] > git status -z -uall [95ms]
2026-05-01 20:33:28.752 [info] > git check-ignore -v -z --stdin [10ms]
2026-05-01 20:33:29.116 [info] > git config --get commit.template [10ms]
2026-05-01 20:33:29.127 [info] > git for-each-ref --format=%(refname)%00%(upstream:short)%00%(objectname)%00%(upstream:track)%00%(upstream:remotename)%00%(upstream:remoteref) refs/heads/main refs/remotes/main [12ms]
2026-05-01 20:33:29.155 [info] > git for-each-ref --sort -committerdate --format %(refname)%00%(objectname)%00%(*objectname) [11ms]
2026-05-01 20:33:29.234 [info] > git status -z -uall [97ms]
2026-05-01 20:33:31.245 [info] > git check-ignore -v -z --stdin [123ms]
2026-05-01 20:33:34.270 [info] > git config --get commit.template [14ms]
2026-05-01 20:33:34.287 [info] > git for-each-ref --format=%(refname)%00%(upstream:short)%00%(objectname)%00%(upstream:track)%00%(upstream:remotename)%00%(upstream:remoteref) refs/heads/main refs/remotes/main [18ms]
2026-05-01 20:33:34.341 [info] > git for-each-ref --sort -committerdate --format %(refname)%00%(objectname)%00%(*objectname) [29ms]
2026-05-01 20:33:34.351 [info] > git check-ignore -v -z --stdin [11ms]
2026-05-01 20:33:34.391 [info] > git show --textconv :website/404.html [18ms]
2026-05-01 20:33:34.399 [info] > git ls-files --stage -- website/404.html [14ms]
2026-05-01 20:33:34.430 [info] > git cat-file -s 6ab550abf7ef6bf886a2311832a36df4313635d8 [20ms]
2026-05-01 20:33:34.524 [info] > git status -z -uall [224ms]
2026-05-01 20:33:34.969 [info] > git check-ignore -v -z --stdin [6ms]
2026-05-01 20:33:36.317 [info] > git check-ignore -v -z --stdin [12ms]
2026-05-01 20:33:36.346 [info] > git show --textconv :website/app.js [15ms]
2026-05-01 20:33:36.353 [info] > git ls-files --stage -- website/app.js [7ms]
2026-05-01 20:33:36.378 [info] > git cat-file -s 27b0bd7db65c8419b6d9c2234a1a5237bf35cb26 [14ms]
2026-05-01 20:33:37.760 [info] > git check-ignore -v -z --stdin [10ms]
2026-05-01 20:33:37.790 [info] > git show --textconv :website/style.css [10ms]
2026-05-01 20:33:37.795 [info] > git ls-files --stage -- website/style.css [6ms]
2026-05-01 20:33:37.821 [info] > git cat-file -s c0fb388324c3fbfc41c4491e2b3eea96abcbfaa1 [15ms]
2026-05-01 20:33:39.566 [info] > git config --get commit.template [13ms]
2026-05-01 20:33:39.575 [info] > git for-each-ref --format=%(refname)%00%(upstream:short)%00%(objectname)%00%(upstream:track)%00%(upstream:remotename)%00%(upstream:remoteref) refs/heads/main refs/remotes/main [10ms]
2026-05-01 20:33:39.614 [info] > git for-each-ref --sort -committerdate --format %(refname)%00%(objectname)%00%(*objectname) [13ms]
2026-05-01 20:33:39.673 [info] > git status -z -uall [85ms]
2026-05-01 20:33:40.161 [info] > git check-ignore -v -z --stdin [8ms]
2026-05-01 20:33:44.710 [info] > git config --get commit.template [10ms]
2026-05-01 20:33:44.797 [info] > git for-each-ref --format=%(refname)%00%(upstream:short)%00%(objectname)%00%(upstream:track)%00%(upstream:remotename)%00%(upstream:remoteref) refs/heads/main refs/remotes/main [88ms]
2026-05-01 20:33:44.828 [info] > git for-each-ref --sort -committerdate --format %(refname)%00%(objectname)%00%(*objectname) [9ms]
2026-05-01 20:33:44.867 [info] > git status -z -uall [59ms]
2026-05-01 20:33:45.316 [info] > git check-ignore -v -z --stdin [9ms]
2026-05-01 20:33:49.901 [info] > git config --get commit.template [9ms]
2026-05-01 20:33:49.911 [info] > git for-each-ref --format=%(refname)%00%(upstream:short)%00%(objectname)%00%(upstream:track)%00%(upstream:remotename)%00%(upstream:remoteref) refs/heads/main refs/remotes/main [10ms]
2026-05-01 20:33:49.940 [info] > git for-each-ref --sort -committerdate --format %(refname)%00%(objectname)%00%(*objectname) [9ms]
2026-05-01 20:33:49.973 [info] > git status -z -uall [52ms]
2026-05-01 20:33:50.497 [info] > git check-ignore -v -z --stdin [79ms]
2026-05-01 20:33:55.011 [info] > git config --get commit.template [13ms]
2026-05-01 20:33:55.025 [info] > git for-each-ref --format=%(refname)%00%(upstream:short)%00%(objectname)%00%(upstream:track)%00%(upstream:remotename)%00%(upstream:remoteref) refs/heads/main refs/remotes/main [16ms]
2026-05-01 20:33:55.055 [info] > git for-each-ref --sort -committerdate --format %(refname)%00%(objectname)%00%(*objectname) [8ms]
2026-05-01 20:33:55.182 [info] > git status -z -uall [146ms]
2026-05-01 20:33:55.648 [info] > git check-ignore -v -z --stdin [28ms]
2026-05-01 20:34:00.220 [info] > git config --get commit.template [12ms]
2026-05-01 20:34:00.251 [info] > git for-each-ref --format=%(refname)%00%(upstream:short)%00%(objectname)%00%(upstream:track)%00%(upstream:remotename)%00%(upstream:remoteref) refs/heads/main refs/remotes/main [31ms]
2026-05-01 20:34:00.285 [info] > git for-each-ref --sort -committerdate --format %(refname)%00%(objectname)%00%(*objectname) [15ms]
2026-05-01 20:34:00.397 [info] > git status -z -uall [134ms]
2026-05-01 20:34:00.842 [info] > git check-ignore -v -z --stdin [9ms]
2026-05-01 20:34:05.433 [info] > git config --get commit.template [10ms]
2026-05-01 20:34:05.447 [info] > git for-each-ref --format=%(refname)%00%(upstream:short)%00%(objectname)%00%(upstream:track)%00%(upstream:remotename)%00%(upstream:remoteref) refs/heads/main refs/remotes/main [15ms]
2026-05-01 20:34:05.471 [info] > git for-each-ref --sort -committerdate --format %(refname)%00%(objectname)%00%(*objectname) [8ms]
2026-05-01 20:34:05.548 [info] > git status -z -uall [92ms]
2026-05-01 20:34:05.988 [info] > git check-ignore -v -z --stdin [7ms]
2026-05-01 20:34:10.581 [info] > git config --get commit.template [9ms]
2026-05-01 20:34:10.593 [info] > git for-each-ref --format=%(refname)%00%(upstream:short)%00%(objectname)%00%(upstream:track)%00%(upstream:remotename)%00%(upstream:remoteref) refs/heads/main refs/remotes/main [13ms]
2026-05-01 20:34:10.626 [info] > git for-each-ref --sort -committerdate --format %(refname)%00%(objectname)%00%(*objectname) [12ms]
2026-05-01 20:34:10.874 [info] > git status -z -uall [271ms]
2026-05-01 20:34:11.319 [info] > git check-ignore -v -z --stdin [15ms]
2026-05-01 20:34:15.911 [info] > git config --get commit.template [11ms]
2026-05-01 20:34:15.930 [info] > git for-each-ref --format=%(refname)%00%(upstream:short)%00%(objectname)%00%(upstream:track)%00%(upstream:remotename)%00%(upstream:remoteref) refs/heads/main refs/remotes/main [19ms]
2026-05-01 20:34:15.965 [info] > git for-each-ref --sort -committerdate --format %(refname)%00%(objectname)%00%(*objectname) [16ms]
2026-05-01 20:34:16.191 [info] > git status -z -uall [252ms]
2026-05-01 20:34:16.647 [info] > git check-ignore -v -z --stdin [26ms]
2026-05-01 20:34:23.980 [info] [main] Log level: Info
2026-05-01 20:34:23.980 [info] [main] Validating found git in: "git"
2026-05-01 20:34:23.980 [info] [main] Using git "2.43.7" from "git"
2026-05-01 20:34:23.980 [info] [Model][doInitialScan] Initial repository scan started
2026-05-01 20:34:23.980 [info] > git rev-parse --show-toplevel [6ms]
2026-05-01 20:34:23.980 [info] fatal: not a git repository (or any parent up to mount point /nfs/site/disks)
Stopping at filesystem boundary (GIT_DISCOVERY_ACROSS_FILESYSTEM not set).
2026-05-01 20:34:23.980 [info] > git rev-parse --show-toplevel [5ms]
2026-05-01 20:34:23.980 [info] > git rev-parse --git-dir --git-common-dir --show-superproject-working-tree [8ms]
2026-05-01 20:34:24.083 [info] [Model][openRepository] Opened repository (path): /nfs/site/disks/zsc14.xne_irw.085/mdmamunu/GHCP_WW17
2026-05-01 20:34:24.083 [info] [Model][openRepository] Opened repository (real path): /nfs/site/disks/zsc14.xne_irw.085/mdmamunu/GHCP_WW17
2026-05-01 20:34:24.083 [info] [Model][openRepository] Opened repository (kind): repository
2026-05-01 20:34:24.164 [info] > git rev-parse --show-toplevel [60ms]
2026-05-01 20:34:24.164 [info] fatal: not a git repository (or any parent up to mount point /nfs/site/disks)
Stopping at filesystem boundary (GIT_DISCOVERY_ACROSS_FILESYSTEM not set).
2026-05-01 20:34:24.165 [info] > git config --get commit.template [68ms]
2026-05-01 20:34:24.203 [info] > git rev-parse --show-toplevel [25ms]
2026-05-01 20:34:24.203 [info] fatal: not a git repository (or any parent up to mount point /nfs/site/disks)
Stopping at filesystem boundary (GIT_DISCOVERY_ACROSS_FILESYSTEM not set).
2026-05-01 20:34:24.261 [info] > git rev-parse --show-toplevel [46ms]
2026-05-01 20:34:24.261 [info] fatal: not a git repository (or any parent up to mount point /nfs/site/disks)
Stopping at filesystem boundary (GIT_DISCOVERY_ACROSS_FILESYSTEM not set).
2026-05-01 20:34:24.261 [info] > git for-each-ref --format=%(refname)%00%(upstream:short)%00%(objectname)%00%(upstream:track)%00%(upstream:remotename)%00%(upstream:remoteref) refs/heads/main refs/remotes/main [60ms]
2026-05-01 20:34:24.299 [info] > git for-each-ref --sort -committerdate --format %(refname)%00%(objectname)%00%(*objectname) [11ms]
2026-05-01 20:34:24.300 [info] > git rev-parse --show-toplevel [29ms]
2026-05-01 20:34:24.300 [info] fatal: not a git repository (or any parent up to mount point /nfs/site/disks)
Stopping at filesystem boundary (GIT_DISCOVERY_ACROSS_FILESYSTEM not set).
2026-05-01 20:34:24.317 [info] > git rev-parse --show-toplevel [7ms]
2026-05-01 20:34:24.317 [info] fatal: not a git repository (or any parent up to mount point /nfs/site/disks)
Stopping at filesystem boundary (GIT_DISCOVERY_ACROSS_FILESYSTEM not set).
2026-05-01 20:34:24.331 [info] > git rev-parse --show-toplevel [6ms]
2026-05-01 20:34:24.331 [info] fatal: not a git repository (or any parent up to mount point /nfs/site/disks)
Stopping at filesystem boundary (GIT_DISCOVERY_ACROSS_FILESYSTEM not set).
2026-05-01 20:34:24.342 [info] > git status -z -uall [62ms]
2026-05-01 20:34:24.400 [info] > git rev-parse --show-toplevel [63ms]
2026-05-01 20:34:24.400 [info] fatal: not a git repository (or any parent up to mount point /nfs/site/disks)
Stopping at filesystem boundary (GIT_DISCOVERY_ACROSS_FILESYSTEM not set).
2026-05-01 20:34:24.412 [info] > git for-each-ref --format=%(refname)%00%(upstream:short)%00%(objectname)%00%(upstream:track)%00%(upstream:remotename)%00%(upstream:remoteref) refs/heads/main refs/remotes/main [31ms]
2026-05-01 20:34:24.422 [info] > git rev-parse --show-toplevel [11ms]
2026-05-01 20:34:24.422 [info] fatal: not a git repository (or any parent up to mount point /nfs/site/disks)
Stopping at filesystem boundary (GIT_DISCOVERY_ACROSS_FILESYSTEM not set).
2026-05-01 20:34:24.422 [info] > git config --get commit.template [23ms]
2026-05-01 20:34:24.462 [info] > git rev-parse --show-toplevel [23ms]
2026-05-01 20:34:24.462 [info] fatal: not a git repository (or any parent up to mount point /nfs/site/disks)
Stopping at filesystem boundary (GIT_DISCOVERY_ACROSS_FILESYSTEM not set).
2026-05-01 20:34:24.462 [info] > git for-each-ref --format=%(refname)%00%(upstream:short)%00%(objectname)%00%(upstream:track)%00%(upstream:remotename)%00%(upstream:remoteref) refs/heads/main refs/remotes/main [31ms]
2026-05-01 20:34:24.462 [info] > git config --get --local branch.main.vscode-merge-base [43ms]
2026-05-01 20:34:24.462 [warning] [Git][config] git config failed: Failed to execute git
2026-05-01 20:34:24.612 [info] > git reflog main --grep-reflog=branch: Created from *. [141ms]
2026-05-01 20:34:24.627 [info] > git rev-parse --show-toplevel [15ms]
2026-05-01 20:34:24.627 [info] fatal: not a git repository (or any parent up to mount point /nfs/site/disks)
Stopping at filesystem boundary (GIT_DISCOVERY_ACROSS_FILESYSTEM not set).
2026-05-01 20:34:24.634 [info] > git symbolic-ref --short refs/remotes/origin/HEAD [13ms]
2026-05-01 20:34:24.634 [info] fatal: ref refs/remotes/origin/HEAD is not a symbolic ref
2026-05-01 20:34:24.634 [warning] [Repository][getDefaultBranch] Failed to get default branch details: Failed to execute git.
2026-05-01 20:34:24.659 [info] > git rev-parse --show-toplevel [25ms]
2026-05-01 20:34:24.659 [info] fatal: not a git repository (or any parent up to mount point /nfs/site/disks)
Stopping at filesystem boundary (GIT_DISCOVERY_ACROSS_FILESYSTEM not set).
2026-05-01 20:34:24.661 [info] [Model][doInitialScan] Initial repository scan completed - repositories (1), closed repositories (0), parent repositories (0), unsafe repositories (0)
2026-05-01 20:34:24.691 [info] > git for-each-ref --sort -committerdate --format %(refname)%00%(objectname)%00%(*objectname) [32ms]
2026-05-01 20:34:24.691 [info] > git merge-base refs/heads/main refs/remotes/origin/main [49ms]
2026-05-01 20:34:24.748 [info] > git status -z -uall [97ms]
2026-05-01 20:34:24.748 [info] > git check-ignore -v -z --stdin [39ms]
2026-05-01 20:34:24.749 [info] > git diff --raw --numstat --diff-filter=ADMR -z --find-renames=50% 648fbbd60b11c49c7404547b03800e58dc98d9dc...refs/remotes/origin/main -- [49ms]
2026-05-01 20:34:24.749 [info] > git rev-parse --show-toplevel [59ms]
2026-05-01 20:34:24.749 [info] fatal: not a git repository (or any parent up to mount point /nfs/site/disks)
Stopping at filesystem boundary (GIT_DISCOVERY_ACROSS_FILESYSTEM not set).
2026-05-01 20:34:25.667 [info] > git config --get commit.template [30ms]
2026-05-01 20:34:25.717 [info] > git for-each-ref --format=%(refname)%00%(upstream:short)%00%(objectname)%00%(upstream:track)%00%(upstream:remotename)%00%(upstream:remoteref) refs/heads/main refs/remotes/main [12ms]
2026-05-01 20:34:25.796 [info] > git for-each-ref --sort -committerdate --format %(refname)%00%(objectname)%00%(*objectname) [13ms]
2026-05-01 20:34:25.874 [info] > git status -z -uall [100ms]
2026-05-01 20:34:26.100 [info] > git rev-parse --show-toplevel [122ms]
2026-05-01 20:34:26.100 [info] fatal: not a git repository (or any parent up to mount point /nfs/site/disks)
Stopping at filesystem boundary (GIT_DISCOVERY_ACROSS_FILESYSTEM not set).
