2026-05-01 20:20:51.686 [info] Environment discovery is managed by the Python Environments extension (ms-python.vscode-python-envs). Check the "Python Environments" output channel for environment-specific logs.
2026-05-01 20:20:51.757 [info] [test-by-project] Activating project-based testing mode
2026-05-01 20:20:51.757 [info] [test-by-project] Discovering projects for workspace: /nfs/site/disks/zsc14.xne_irw.085/mdmamunu/GHCP_WW17
2026-05-01 20:20:51.757 [info] Native locator: Refresh started
2026-05-01 20:20:51.757 [info] [test-by-project] Found 1 total Python projects from API
2026-05-01 20:20:51.757 [info] [test-by-project] Filtered to 1 projects in workspace
2026-05-01 20:20:51.757 [info] [test-by-project] Creating adapter for: GHCP_WW17 at file:///nfs/site/disks/zsc14.xne_irw.085/mdmamunu/GHCP_WW17
2026-05-01 20:20:51.758 [info] Native locator: Refresh started
2026-05-01 20:20:53.332 [info] [test-by-project] Registered 1 project(s) for /nfs/site/disks/zsc14.xne_irw.085/mdmamunu/GHCP_WW17
2026-05-01 20:20:53.333 [info] [test-by-project] Activated 1 project(s) for /nfs/site/disks/zsc14.xne_irw.085/mdmamunu/GHCP_WW17
2026-05-01 20:20:53.333 [info] [test-by-project] Subscribed to Python project changes
2026-05-01 20:20:54.392 [info] Native locator: Refresh finished in 2635 ms
2026-05-01 20:20:54.408 [info] > pyenv which python
2026-05-01 20:20:54.408 [info] cwd: .
2026-05-01 20:20:54.429 [info] Active interpreter [/nfs/site/disks/zsc14.xne_irw.085/mdmamunu/GHCP_WW17]:  /nfs/site/disks/zsc14.xne_irw.085/mdmamunu/GHCP_WW17/.venv/bin/python
2026-05-01 20:20:54.843 [info] Send text to terminal: source /nfs/site/disks/zsc14.xne_irw.085/mdmamunu/GHCP_WW17/.venv/bin/activate
2026-05-01 20:20:57.274 [info] Starting Pylance language server.
2026-05-01 20:23:18.643 [info] Environment discovery is managed by the Python Environments extension (ms-python.vscode-python-envs). Check the "Python Environments" output channel for environment-specific logs.
2026-05-01 20:23:18.909 [info] [test-by-project] Activating project-based testing mode
2026-05-01 20:23:18.909 [info] [test-by-project] Discovering projects for workspace: /nfs/site/disks/zsc14.xne_irw.085/mdmamunu/GHCP_WW17/website
2026-05-01 20:23:18.910 [info] Native locator: Refresh started
2026-05-01 20:23:18.910 [info] [test-by-project] Found 1 total Python projects from API
2026-05-01 20:23:18.910 [info] [test-by-project] Filtered to 1 projects in workspace
2026-05-01 20:23:18.910 [info] [test-by-project] Creating adapter for: website at file:///nfs/site/disks/zsc14.xne_irw.085/mdmamunu/GHCP_WW17/website
2026-05-01 20:23:19.125 [info] > pyenv which python
2026-05-01 20:23:19.125 [info] cwd: .
2026-05-01 20:23:22.057 [info] Active interpreter [/nfs/site/disks/zsc14.xne_irw.085/mdmamunu/GHCP_WW17/website]:  /nfs/site/disks/zsc14.xne_irw.085/mdmamunu/GHCP_WW17/website/.venv/bin/python
2026-05-01 20:23:22.057 [info] [test-by-project] Registered 1 project(s) for /nfs/site/disks/zsc14.xne_irw.085/mdmamunu/GHCP_WW17/website
2026-05-01 20:23:22.059 [info] [test-by-project] Activated 1 project(s) for /nfs/site/disks/zsc14.xne_irw.085/mdmamunu/GHCP_WW17/website
2026-05-01 20:23:22.060 [info] [test-by-project] Subscribed to Python project changes
2026-05-01 20:23:22.928 [info] Send text to terminal: source /nfs/site/disks/zsc14.xne_irw.085/mdmamunu/GHCP_WW17/website/.venv/bin/activate
2026-05-01 20:23:23.033 [info] Native locator: Refresh finished in 4124 ms
2026-05-01 20:23:24.568 [info] Starting Pylance language server.
