2026-05-01 20:29:56.015 [info] Reading sessions from keychain...
2026-05-01 20:29:56.015 [info] Got stored sessions!
2026-05-01 20:29:56.015 [info] Got 1 verified sessions.
2026-05-01 20:29:56.015 [info] Getting sessions for all scopes...
2026-05-01 20:29:56.015 [info] Got 1 sessions for ...
2026-05-01 20:29:56.015 [info] Getting sessions for all scopes...
2026-05-01 20:29:56.015 [info] Got 1 sessions for ...
2026-05-01 20:29:56.015 [info] Getting sessions for all scopes...
2026-05-01 20:29:56.015 [info] Got 1 sessions for ...
2026-05-01 20:29:56.015 [info] Getting sessions for all scopes...
2026-05-01 20:29:56.015 [info] Got 1 sessions for ...
2026-05-01 20:29:56.015 [info] Getting sessions for all scopes...
2026-05-01 20:29:56.015 [info] Got 1 sessions for ...
2026-05-01 20:29:56.015 [info] Getting sessions for all scopes...
2026-05-01 20:29:56.015 [info] Got 1 sessions for ...
2026-05-01 20:29:56.015 [info] Getting sessions for all scopes...
2026-05-01 20:29:56.015 [info] Got 1 sessions for ...
2026-05-01 20:29:56.015 [info] Getting sessions for all scopes...
2026-05-01 20:29:56.015 [info] Got 1 sessions for ...
2026-05-01 20:29:56.015 [info] Getting sessions for read:user,repo,user:email,workflow...
2026-05-01 20:29:56.015 [info] Got 1 sessions for read:user,repo,user:email,workflow...
2026-05-01 20:29:56.105 [info] Getting sessions for all scopes...
2026-05-01 20:29:56.105 [info] Got 1 sessions for ...
2026-05-01 20:29:56.239 [info] Getting sessions for read:user,repo,user:email,workflow...
2026-05-01 20:29:56.239 [info] Got 1 sessions for read:user,repo,user:email,workflow...
2026-05-01 20:29:56.539 [info] Getting sessions for all scopes...
2026-05-01 20:29:56.539 [info] Got 1 sessions for ...
2026-05-01 20:29:56.553 [info] Getting sessions for read:user,repo,user:email,workflow...
2026-05-01 20:29:56.553 [info] Got 1 sessions for read:user,repo,user:email,workflow...
2026-05-01 20:29:56.583 [info] FetcherService: Node fetch failed with status: 429 Too Many Requests
2026-05-01 20:29:56.590 [info] Unable to resolve optional EDU details. Status: 429 Too Many Requests
2026-05-01 20:29:57.038 [info] Getting sessions for read:user,repo,user:email,workflow...
2026-05-01 20:29:57.039 [info] Got 1 sessions for read:user,repo,user:email,workflow...
2026-05-01 20:29:57.205 [info] Getting sessions for all scopes...
2026-05-01 20:29:57.205 [info] Got 1 sessions for ...
2026-05-01 20:29:57.205 [info] Getting sessions for all scopes...
2026-05-01 20:29:57.205 [info] Got 1 sessions for ...
2026-05-01 20:29:57.432 [info] Getting sessions for read:user,repo,user:email,workflow...
2026-05-01 20:29:57.432 [info] Got 1 sessions for read:user,repo,user:email,workflow...
2026-05-01 20:29:57.842 [info] Getting sessions for all scopes...
2026-05-01 20:29:57.842 [info] Got 1 sessions for ...
2026-05-01 20:29:57.861 [info] Getting sessions for all scopes...
2026-05-01 20:29:57.861 [info] Got 1 sessions for ...
2026-05-01 20:29:57.861 [info] Getting sessions for all scopes...
2026-05-01 20:29:57.861 [info] Got 1 sessions for ...
2026-05-01 20:29:57.862 [info] Getting sessions for all scopes...
2026-05-01 20:29:57.862 [info] Got 1 sessions for ...
2026-05-01 20:29:57.904 [info] Getting sessions for read:user,repo,user:email,workflow...
2026-05-01 20:29:57.904 [info] Got 1 sessions for read:user,repo,user:email,workflow...
2026-05-01 20:29:58.124 [info] Getting sessions for all scopes...
2026-05-01 20:29:58.124 [info] Got 1 sessions for ...
2026-05-01 20:29:58.144 [info] Getting sessions for read:user,repo,user:email,workflow...
2026-05-01 20:29:58.144 [info] Got 1 sessions for read:user,repo,user:email,workflow...
2026-05-01 20:29:58.564 [info] Getting sessions for all scopes...
2026-05-01 20:29:58.564 [info] Got 1 sessions for ...
2026-05-01 20:29:58.586 [info] Getting sessions for read:user,repo,user:email,workflow...
2026-05-01 20:29:58.586 [info] Got 1 sessions for read:user,repo,user:email,workflow...
2026-05-01 20:29:58.598 [info] Getting sessions for all scopes...
2026-05-01 20:29:58.598 [info] Got 1 sessions for ...
2026-05-01 20:29:58.602 [info] Getting sessions for read:user,repo,user:email,workflow...
2026-05-01 20:29:58.602 [info] Got 1 sessions for read:user,repo,user:email,workflow...
2026-05-01 20:29:58.604 [info] Getting sessions for all scopes...
2026-05-01 20:29:58.604 [info] Got 1 sessions for ...
2026-05-01 20:29:58.608 [info] Getting sessions for read:user,repo,user:email,workflow...
2026-05-01 20:29:58.608 [info] Got 1 sessions for read:user,repo,user:email,workflow...
2026-05-01 20:30:00.653 [info] Getting sessions for all scopes...
2026-05-01 20:30:00.654 [info] Got 1 sessions for ...
2026-05-01 20:30:00.774 [info] Getting sessions for read:user,repo,user:email,workflow...
2026-05-01 20:30:00.774 [info] Got 1 sessions for read:user,repo,user:email,workflow...
2026-05-01 20:31:45.904 [info] Getting sessions for all scopes...
2026-05-01 20:31:45.908 [info] Got 1 sessions for ...
2026-05-01 20:31:45.909 [info] Getting sessions for all scopes...
2026-05-01 20:31:45.910 [info] Got 1 sessions for ...
2026-05-01 20:34:23.897 [info] Reading sessions from keychain...
2026-05-01 20:34:23.897 [info] Getting sessions for all scopes...
2026-05-01 20:34:23.897 [info] Got stored sessions!
2026-05-01 20:34:23.897 [info] Got 1 verified sessions.
2026-05-01 20:34:23.897 [info] Got 1 sessions for ...
2026-05-01 20:34:23.897 [info] Getting sessions for all scopes...
2026-05-01 20:34:23.897 [info] Got 1 sessions for ...
2026-05-01 20:34:23.897 [info] Getting sessions for all scopes...
2026-05-01 20:34:23.897 [info] Got 1 sessions for ...
2026-05-01 20:34:23.897 [info] Getting sessions for all scopes...
2026-05-01 20:34:23.897 [info] Got 1 sessions for ...
2026-05-01 20:34:23.897 [info] Getting sessions for all scopes...
2026-05-01 20:34:23.897 [info] Got 1 sessions for ...
2026-05-01 20:34:23.897 [info] Getting sessions for all scopes...
2026-05-01 20:34:23.897 [info] Got 1 sessions for ...
2026-05-01 20:34:23.897 [info] Getting sessions for all scopes...
2026-05-01 20:34:23.897 [info] Got 1 sessions for ...
2026-05-01 20:34:23.897 [info] Getting sessions for all scopes...
2026-05-01 20:34:23.897 [info] Got 1 sessions for ...
2026-05-01 20:34:23.934 [info] Getting sessions for read:user,repo,user:email,workflow...
2026-05-01 20:34:23.934 [info] Got 1 sessions for read:user,repo,user:email,workflow...
2026-05-01 20:34:24.189 [info] Getting sessions for all scopes...
2026-05-01 20:34:24.189 [info] Got 1 sessions for ...
2026-05-01 20:34:24.189 [info] Getting sessions for all scopes...
2026-05-01 20:34:24.189 [info] Got 1 sessions for ...
2026-05-01 20:34:24.189 [info] Getting sessions for all scopes...
2026-05-01 20:34:24.190 [info] Got 1 sessions for ...
2026-05-01 20:34:24.273 [info] Getting sessions for read:user,repo,user:email,workflow...
2026-05-01 20:34:24.273 [info] Got 1 sessions for read:user,repo,user:email,workflow...
2026-05-01 20:34:24.419 [info] Getting sessions for read:user,repo,user:email,workflow...
2026-05-01 20:34:24.419 [info] Got 1 sessions for read:user,repo,user:email,workflow...
2026-05-01 20:34:24.762 [info] Getting sessions for all scopes...
2026-05-01 20:34:24.763 [info] Got 1 sessions for ...
2026-05-01 20:34:24.770 [info] Getting sessions for read:user,repo,user:email,workflow...
2026-05-01 20:34:24.770 [info] Got 1 sessions for read:user,repo,user:email,workflow...
2026-05-01 20:34:25.444 [info] Getting sessions for all scopes...
2026-05-01 20:34:25.444 [info] Got 1 sessions for ...
2026-05-01 20:34:25.444 [info] Getting sessions for all scopes...
2026-05-01 20:34:25.444 [info] Got 1 sessions for ...
2026-05-01 20:34:25.452 [info] Getting sessions for read:user,repo,user:email,workflow...
2026-05-01 20:34:25.452 [info] Got 1 sessions for read:user,repo,user:email,workflow...
2026-05-01 20:34:25.638 [info] FetcherService: Node fetch failed with status: 429 Too Many Requests
2026-05-01 20:34:25.645 [info] Unable to resolve optional EDU details. Status: 429 Too Many Requests
2026-05-01 20:34:25.681 [info] Getting sessions for all scopes...
2026-05-01 20:34:25.681 [info] Got 1 sessions for ...
2026-05-01 20:34:25.681 [info] Getting sessions for all scopes...
2026-05-01 20:34:25.681 [info] Got 1 sessions for ...
2026-05-01 20:34:25.696 [info] Getting sessions for all scopes...
2026-05-01 20:34:25.696 [info] Got 1 sessions for ...
2026-05-01 20:34:25.708 [info] Getting sessions for all scopes...
2026-05-01 20:34:25.708 [info] Got 1 sessions for ...
2026-05-01 20:34:25.718 [info] Getting sessions for read:user,repo,user:email,workflow...
2026-05-01 20:34:25.718 [info] Got 1 sessions for read:user,repo,user:email,workflow...
2026-05-01 20:34:25.893 [info] Getting sessions for all scopes...
2026-05-01 20:34:25.893 [info] Got 1 sessions for ...
2026-05-01 20:34:25.894 [info] Getting sessions for read:user,repo,user:email,workflow...
2026-05-01 20:34:25.894 [info] Got 1 sessions for read:user,repo,user:email,workflow...
2026-05-01 20:34:26.107 [info] Getting sessions for all scopes...
2026-05-01 20:34:26.108 [info] Got 1 sessions for ...
2026-05-01 20:34:26.110 [info] Getting sessions for read:user,repo,user:email,workflow...
2026-05-01 20:34:26.110 [info] Got 1 sessions for read:user,repo,user:email,workflow...
2026-05-01 20:34:26.118 [info] Getting sessions for all scopes...
2026-05-01 20:34:26.118 [info] Got 1 sessions for ...
2026-05-01 20:34:26.119 [info] Getting sessions for read:user,repo,user:email,workflow...
2026-05-01 20:34:26.119 [info] Got 1 sessions for read:user,repo,user:email,workflow...
2026-05-01 20:34:26.129 [info] Getting sessions for all scopes...
2026-05-01 20:34:26.129 [info] Got 1 sessions for ...
2026-05-01 20:34:26.130 [info] Getting sessions for read:user,repo,user:email,workflow...
2026-05-01 20:34:26.131 [info] Got 1 sessions for read:user,repo,user:email,workflow...
2026-05-01 20:34:26.138 [info] Getting sessions for all scopes...
2026-05-01 20:34:26.138 [info] Got 1 sessions for ...
2026-05-01 20:34:26.139 [info] Getting sessions for read:user,repo,user:email,workflow...
2026-05-01 20:34:26.139 [info] Got 1 sessions for read:user,repo,user:email,workflow...
2026-05-01 20:34:26.144 [info] Getting sessions for all scopes...
2026-05-01 20:34:26.144 [info] Got 1 sessions for ...
2026-05-01 20:34:26.145 [info] Getting sessions for read:user,repo,user:email,workflow...
2026-05-01 20:34:26.145 [info] Got 1 sessions for read:user,repo,user:email,workflow...
2026-05-01 20:34:29.341 [info] Getting sessions for all scopes...
2026-05-01 20:34:29.341 [info] Got 1 sessions for ...
2026-05-01 20:34:29.342 [info] Getting sessions for read:user,repo,user:email,workflow...
2026-05-01 20:34:29.342 [info] Got 1 sessions for read:user,repo,user:email,workflow...
